Log file open, 10/22/20 17:10:04
LogWindows: Failed to load 'aqProf.dll' (GetLastError=126)
LogWindows: File 'aqProf.dll' does not exist
LogWindows: Failed to load 'VtuneApi.dll' (GetLastError=126)
LogWindows: File 'VtuneApi.dll' does not exist
LogWindows: Failed to load 'VtuneApi32e.dll' (GetLastError=126)
LogWindows: File 'VtuneApi32e.dll' does not exist
LogConsoleResponse: Display: Failed to find resolution value strings in scalability ini. Falling back to default.
LogInit: Display: Running engine for game: VFXGuide_AoE
LogPlatformFile: Not using cached read wrapper
LogTaskGraph: Started task graph with 5 named threads and 23 total threads with 3 sets of task threads.
LogStats: Stats thread started at 6.377483
LogD3D11RHI: Loaded GFSDK_Aftermath_Lib.x64.dll
LogICUInternationalization: ICU TimeZone Detection - Raw Offset: +0:00, Platform Override: ''
LogPluginManager: Mounting plugin Paper2D
LogPluginManager: Mounting plugin AISupport
LogPluginManager: Mounting plugin LightPropagationVolume
LogPluginManager: Mounting plugin ActorLayerUtilities
LogPluginManager: Mounting plugin AnimationSharing
LogPluginManager: Mounting plugin CLionSourceCodeAccess
LogPluginManager: Mounting plugin CodeLiteSourceCodeAccess
LogPluginManager: Mounting plugin GitSourceControl
LogPluginManager: Mounting plugin KDevelopSourceCodeAccess
LogPluginManager: Mounting plugin NullSourceCodeAccess
LogPluginManager: Mounting plugin PerforceSourceControl
LogPluginManager: Mounting plugin PlasticSourceControl
LogPluginManager: Mounting plugin SubversionSourceControl
LogPluginManager: Mounting plugin UObjectPlugin
LogPluginManager: Mounting plugin VisualStudioCodeSourceCodeAccess
LogPluginManager: Mounting plugin VisualStudioSourceCodeAccess
LogPluginManager: Mounting plugin XCodeSourceCodeAccess
LogPluginManager: Mounting plugin AssetManagerEditor
LogPluginManager: Mounting plugin CryptoKeys
LogPluginManager: Mounting plugin CurveEditorTools
LogPluginManager: Mounting plugin DataValidation
LogPluginManager: Mounting plugin FacialAnimation
LogPluginManager: Mounting plugin GameplayTagsEditor
LogPluginManager: Mounting plugin MacGraphicsSwitching
LogPluginManager: Mounting plugin MaterialAnalyzer
LogPluginManager: Mounting plugin MobileLauncherProfileWizard
LogPluginManager: Mounting plugin PluginBrowser
LogPluginManager: Mounting plugin SpeedTreeImporter
LogPluginManager: Mounting plugin DatasmithContent
LogPluginManager: Mounting plugin VariantManagerContent
LogPluginManager: Mounting plugin AlembicImporter
LogPluginManager: Mounting plugin AutomationUtils
LogPluginManager: Mounting plugin BackChannel
LogPluginManager: Mounting plugin CharacterAI
LogPluginManager: Mounting plugin GeometryCache
LogPluginManager: Mounting plugin PlatformCrypto
LogPluginManager: Mounting plugin ProxyLODPlugin
LogPluginManager: Mounting plugin SkeletalReduction
LogPluginManager: Mounting plugin Niagara
LogPluginManager: Mounting plugin NiagaraExtras
LogPluginManager: Mounting plugin MagicLeap
LogPluginManager: Mounting plugin MagicLeapMedia
LogPluginManager: Mounting plugin MLSDK
LogPluginManager: Mounting plugin AndroidMedia
LogPluginManager: Mounting plugin AvfMedia
LogPluginManager: Mounting plugin ImgMedia
LogPluginManager: Mounting plugin MediaCompositing
LogPluginManager: Mounting plugin MediaPlayerEditor
LogPluginManager: Mounting plugin WebMMedia
LogPluginManager: Mounting plugin WmfMedia
LogPluginManager: Mounting plugin TcpMessaging
LogPluginManager: Mounting plugin UdpMessaging
LogPluginManager: Mounting plugin ActorSequence
LogPluginManager: Mounting plugin LevelSequenceEditor
LogPluginManager: Mounting plugin MatineeToLevelSequence
LogPluginManager: Mounting plugin NetcodeUnitTest
LogPluginManager: Mounting plugin NUTUnrealEngine4
LogPluginManager: Mounting plugin OnlineSubsystemGooglePlay
LogPluginManager: Mounting plugin OnlineSubsystemIOS
LogPluginManager: Mounting plugin OnlineSubsystem
LogPluginManager: Mounting plugin OnlineSubsystemNull
LogPluginManager: Mounting plugin OnlineSubsystemUtils
LogPluginManager: Mounting plugin LauncherChunkInstaller
LogPluginManager: Mounting plugin AndroidDeviceProfileSelector
LogPluginManager: Mounting plugin AndroidMoviePlayer
LogPluginManager: Mounting plugin AndroidPermission
LogPluginManager: Mounting plugin AppleImageUtils
LogPluginManager: Mounting plugin AppleMoviePlayer
LogPluginManager: Mounting plugin ArchVisCharacter
LogPluginManager: Mounting plugin AssetTags
LogPluginManager: Mounting plugin AudioCapture
LogPluginManager: Mounting plugin CableComponent
LogPluginManager: Mounting plugin CustomMeshComponent
LogPluginManager: Mounting plugin EditableMesh
LogPluginManager: Mounting plugin ExampleDeviceProfileSelector
LogPluginManager: Mounting plugin GoogleCloudMessaging
LogPluginManager: Mounting plugin HoudiniEngine
LogPluginManager: Mounting plugin IOSDeviceProfileSelector
LogPluginManager: Mounting plugin LinuxDeviceProfileSelector
LogPluginManager: Mounting plugin LocationServicesBPLibrary
LogPluginManager: Mounting plugin MobilePatchingUtils
LogPluginManager: Mounting plugin OculusVR
LogPluginManager: Mounting plugin PhysXVehicles
LogPluginManager: Mounting plugin PostSplashScreen
LogPluginManager: Mounting plugin ProceduralMeshComponent
LogPluginManager: Mounting plugin RuntimePhysXCooking
LogPluginManager: Mounting plugin SignificanceManager
LogPluginManager: Mounting plugin SteamVR
LogPluginManager: Mounting plugin WebMMoviePlayer
LogPluginManager: Mounting plugin WindowsMoviePlayer
LogPluginManager: Mounting plugin ScreenshotTools
LogInit: Using libcurl 7.55.1-DEV
LogInit:  - built for x86_64-pc-win32
LogInit:  - supports SSL with OpenSSL/1.1.1
LogInit:  - supports HTTP deflate (compression) using libz 1.2.8
LogInit:  - other features:
LogInit:      CURL_VERSION_SSL
LogInit:      CURL_VERSION_LIBZ
LogInit:      CURL_VERSION_IPV6
LogInit:      CURL_VERSION_ASYNCHDNS
LogInit:      CURL_VERSION_LARGEFILE
LogInit:      CURL_VERSION_IDN
LogInit:  CurlRequestOptions (configurable via config and command line):
LogInit:  - bVerifyPeer = true  - Libcurl will verify peer certificate
LogInit:  - bUseHttpProxy = false  - Libcurl will NOT use HTTP proxy
LogInit:  - bDontReuseConnections = false  - Libcurl will reuse connections
LogInit:  - MaxHostConnections = 16  - Libcurl will limit the number of connections to a host
LogInit:  - LocalHostAddr = Default
LogInit:  - BufferSize = 65536
LogOnline: OSS: Creating online subsystem instance for: NULL
LogInit: WinSock: version 1.1 (2.2), MaxSocks=32767, MaxUdp=65467
LogOnline: OSS: TryLoadSubsystemAndSetDefault: Loaded subsystem for module [NULL]
LogInit: Build: ++UE4+Release-4.24-CL-11590370
LogInit: Engine Version: 4.24.3-11590370+++UE4+Release-4.24
LogInit: Compatible Engine Version: 4.24.0-10570792+++UE4+Release-4.24
LogInit: Net CL: 10570792
LogInit: OS: Windows 10 (Release 1903) (), CPU: Intel(R) Core(TM) i7-7700 CPU @ 3.60GHz, GPU: NVIDIA GeForce GTX 1080
LogInit: Compiled (64-bit): Feb 24 2020 15:39:18
LogInit: Compiled with Visual C++: 19.16.27032.01
LogInit: Build Configuration: Development
LogInit: Branch Name: ++UE4+Release-4.24
LogInit: Command Line: 
LogInit: Base Directory: D:/Unreal Engine/UE_4.24/Engine/Binaries/Win64/
LogInit: Installed Engine Build: 1
LogDevObjectVersion: Number of dev versions registered: 25
LogDevObjectVersion:   Dev-Blueprints (B0D832E4-1F89-4F0D-ACCF-7EB736FD4AA2): 10
LogDevObjectVersion:   Dev-Build (E1C64328-A22C-4D53-A36C-8E866417BD8C): 0
LogDevObjectVersion:   Dev-Core (375EC13C-06E4-48FB-B500-84F0262A717E): 3
LogDevObjectVersion:   Dev-Editor (E4B068ED-F494-42E9-A231-DA0B2E46BB41): 37
LogDevObjectVersion:   Dev-Framework (CFFC743F-43B0-4480-9391-14DF171D2073): 36
LogDevObjectVersion:   Dev-Mobile (B02B49B5-BB20-44E9-A304-32B752E40360): 2
LogDevObjectVersion:   Dev-Networking (A4E4105C-59A1-49B5-A7C5-40C4547EDFEE): 0
LogDevObjectVersion:   Dev-Online (39C831C9-5AE6-47DC-9A44-9C173E1C8E7C): 0
LogDevObjectVersion:   Dev-Physics (78F01B33-EBEA-4F98-B9B4-84EACCB95AA2): 2
LogDevObjectVersion:   Dev-Platform (6631380F-2D4D-43E0-8009-CF276956A95A): 0
LogDevObjectVersion:   Dev-Rendering (12F88B9F-8875-4AFC-A67C-D90C383ABD29): 36
LogDevObjectVersion:   Dev-Sequencer (7B5AE74C-D270-4C10-A958-57980B212A5A): 11
LogDevObjectVersion:   Dev-VR (D7296918-1DD6-4BDD-9DE2-64A83CC13884): 2
LogDevObjectVersion:   Dev-LoadTimes (C2A15278-BFE7-4AFE-6C17-90FF531DF755): 1
LogDevObjectVersion:   Private-Geometry (6EACA3D4-40EC-4CC1-B786-8BED09428FC5): 3
LogDevObjectVersion:   Dev-AnimPhys (29E575DD-E0A3-4627-9D10-D276232CDCEA): 17
LogDevObjectVersion:   Dev-Anim (AF43A65D-7FD3-4947-9873-3E8ED9C1BB05): 2
LogDevObjectVersion:   Dev-ReflectionCapture (6B266CEC-1EC7-4B8F-A30B-E4D90942FC07): 1
LogDevObjectVersion:   Dev-Automation (0DF73D61-A23F-47EA-B727-89E90C41499A): 1
LogDevObjectVersion:   FortniteMain (601D1886-AC64-4F84-AA16-D3DE0DEAC7D6): 31
LogDevObjectVersion:   Dev-Enterprise (9DFFBCD6-494F-0158-E221-12823C92A888): 8
LogDevObjectVersion:   Dev-Niagara (F2AED0AC-9AFE-416F-8664-AA7FFA26D6FC): 1
LogDevObjectVersion:   Dev-Destruction (174F1F0B-B4C6-45A5-B13F-2EE8D0FB917D): 9
LogDevObjectVersion:   Dev-Physics-Ext (35F94A83-E258-406C-A318-09F59610247C): 8
LogDevObjectVersion:   Dev-CineCamera (B2E18506-4273-CFC2-A54E-F4BB758BBA07): 1
LogInit: Presizing for max 25165824 objects, including 0 objects not considered by GC, pre-allocating 0 bytes for permanent pool.
LogInit: Object subsystem initialized
LogConfig: Setting CVar [[con.DebugEarlyDefault:1]]
LogConfig: Setting CVar [[r.setres:1280x720]]
[2020.10.22-16.10.07:190][  0]LogConfig: Setting CVar [[r.VSync:0]]
[2020.10.22-16.10.07:190][  0]LogConfig: Setting CVar [[r.RHICmdBypass:0]]
[2020.10.22-16.10.07:191][  0]LogConfig: Applying CVar settings from Section [/Script/Engine.RendererSettings] File [E:/portfolio/VFXGuide_AoE/VFXGuide_AoE/Saved/Config/Windows/Engine.ini]
[2020.10.22-16.10.07:191][  0]LogConfig: Setting CVar [[r.GPUCrashDebugging:0]]
[2020.10.22-16.10.07:191][  0]LogConfig: Applying CVar settings from Section [/Script/Engine.RendererOverrideSettings] File [E:/portfolio/VFXGuide_AoE/VFXGuide_AoE/Saved/Config/Windows/Engine.ini]
[2020.10.22-16.10.07:191][  0]LogConfig: Applying CVar settings from Section [/Script/Engine.StreamingSettings] File [E:/portfolio/VFXGuide_AoE/VFXGuide_AoE/Saved/Config/Windows/Engine.ini]
[2020.10.22-16.10.07:191][  0]LogConfig: Setting CVar [[s.MinBulkDataSizeForAsyncLoading:131072]]
[2020.10.22-16.10.07:191][  0]LogConfig: Setting CVar [[s.AsyncLoadingThreadEnabled:0]]
[2020.10.22-16.10.07:191][  0]LogConfig: Setting CVar [[s.EventDrivenLoaderEnabled:1]]
[2020.10.22-16.10.07:191][  0]LogConfig: Setting CVar [[s.WarnIfTimeLimitExceeded:0]]
[2020.10.22-16.10.07:191][  0]LogConfig: Setting CVar [[s.TimeLimitExceededMultiplier:1.5]]
[2020.10.22-16.10.07:191][  0]LogConfig: Setting CVar [[s.TimeLimitExceededMinTime:0.005]]
[2020.10.22-16.10.07:191][  0]LogConfig: Setting CVar [[s.UseBackgroundLevelStreaming:1]]
[2020.10.22-16.10.07:191][  0]LogConfig: Setting CVar [[s.PriorityAsyncLoadingExtraTime:15.0]]
[2020.10.22-16.10.07:191][  0]LogConfig: Setting CVar [[s.LevelStreamingActorsUpdateTimeLimit:5.0]]
[2020.10.22-16.10.07:191][  0]LogConfig: Setting CVar [[s.PriorityLevelStreamingActorsUpdateExtraTime:5.0]]
[2020.10.22-16.10.07:191][  0]LogConfig: Setting CVar [[s.LevelStreamingComponentsRegistrationGranularity:10]]
[2020.10.22-16.10.07:191][  0]LogConfig: Setting CVar [[s.UnregisterComponentsTimeLimit:1.0]]
[2020.10.22-16.10.07:191][  0]LogConfig: Setting CVar [[s.LevelStreamingComponentsUnregistrationGranularity:5]]
[2020.10.22-16.10.07:191][  0]LogConfig: Setting CVar [[s.FlushStreamingOnExit:1]]
[2020.10.22-16.10.07:191][  0]LogConfig: Applying CVar settings from Section [/Script/Engine.GarbageCollectionSettings] File [E:/portfolio/VFXGuide_AoE/VFXGuide_AoE/Saved/Config/Windows/Engine.ini]
[2020.10.22-16.10.07:191][  0]LogConfig: Setting CVar [[gc.MaxObjectsNotConsideredByGC:1]]
[2020.10.22-16.10.07:191][  0]LogConfig: Setting CVar [[gc.SizeOfPermanentObjectPool:0]]
[2020.10.22-16.10.07:191][  0]LogConfig: Setting CVar [[gc.FlushStreamingOnGC:0]]
[2020.10.22-16.10.07:192][  0]LogConfig: Setting CVar [[gc.NumRetriesBeforeForcingGC:10]]
[2020.10.22-16.10.07:192][  0]LogConfig: Setting CVar [[gc.AllowParallelGC:1]]
[2020.10.22-16.10.07:192][  0]LogConfig: Setting CVar [[gc.TimeBetweenPurgingPendingKillObjects:61.1]]
[2020.10.22-16.10.07:192][  0]LogConfig: Setting CVar [[gc.MaxObjectsInEditor:25165824]]
[2020.10.22-16.10.07:192][  0]LogConfig: Setting CVar [[gc.IncrementalBeginDestroyEnabled:1]]
[2020.10.22-16.10.07:192][  0]LogConfig: Setting CVar [[gc.CreateGCClusters:1]]
[2020.10.22-16.10.07:192][  0]LogConfig: Setting CVar [[gc.MinGCClusterSize:5]]
[2020.10.22-16.10.07:192][  0]LogConfig: Setting CVar [[gc.ActorClusteringEnabled:0]]
[2020.10.22-16.10.07:192][  0]LogConfig: Setting CVar [[gc.BlueprintClusteringEnabled:0]]
[2020.10.22-16.10.07:192][  0]LogConfig: Setting CVar [[gc.UseDisregardForGCOnDedicatedServers:0]]
[2020.10.22-16.10.07:192][  0]LogConfig: Applying CVar settings from Section [/Script/Engine.NetworkSettings] File [E:/portfolio/VFXGuide_AoE/VFXGuide_AoE/Saved/Config/Windows/Engine.ini]
[2020.10.22-16.10.07:192][  0]LogConfig: Applying CVar settings from Section [/Script/UnrealEd.CookerSettings] File [E:/portfolio/VFXGuide_AoE/VFXGuide_AoE/Saved/Config/Windows/Engine.ini]
[2020.10.22-16.10.07:223][  0]LogConfig: Applying CVar settings from Section [ViewDistanceQuality@3] File [E:/portfolio/VFXGuide_AoE/VFXGuide_AoE/Saved/Config/Windows/Scalability.ini]
[2020.10.22-16.10.07:223][  0]LogConfig: Setting CVar [[r.SkeletalMeshLODBias:0]]
[2020.10.22-16.10.07:223][  0]LogConfig: Setting CVar [[r.ViewDistanceScale:1.0]]
[2020.10.22-16.10.07:223][  0]LogConfig: Applying CVar settings from Section [AntiAliasingQuality@3] File [E:/portfolio/VFXGuide_AoE/VFXGuide_AoE/Saved/Config/Windows/Scalability.ini]
[2020.10.22-16.10.07:223][  0]LogConfig: Setting CVar [[r.PostProcessAAQuality:4]]
[2020.10.22-16.10.07:223][  0]LogConfig: Applying CVar settings from Section [ShadowQuality@3] File [E:/portfolio/VFXGuide_AoE/VFXGuide_AoE/Saved/Config/Windows/Scalability.ini]
[2020.10.22-16.10.07:223][  0]LogConfig: Setting CVar [[r.LightFunctionQuality:1]]
[2020.10.22-16.10.07:223][  0]LogConfig: Setting CVar [[r.ShadowQuality:5]]
[2020.10.22-16.10.07:223][  0]LogConfig: Setting CVar [[r.Shadow.CSM.MaxCascades:10]]
[2020.10.22-16.10.07:224][  0]LogConfig: Setting CVar [[r.Shadow.MaxResolution:2048]]
[2020.10.22-16.10.07:224][  0]LogConfig: Setting CVar [[r.Shadow.MaxCSMResolution:2048]]
[2020.10.22-16.10.07:224][  0]LogConfig: Setting CVar [[r.Shadow.RadiusThreshold:0.01]]
[2020.10.22-16.10.07:224][  0]LogConfig: Setting CVar [[r.Shadow.DistanceScale:1.0]]
[2020.10.22-16.10.07:224][  0]LogConfig: Setting CVar [[r.Shadow.CSM.TransitionScale:1.0]]
[2020.10.22-16.10.07:224][  0]LogConfig: Setting CVar [[r.Shadow.PreShadowResolutionFactor:1.0]]
[2020.10.22-16.10.07:224][  0]LogConfig: Setting CVar [[r.DistanceFieldShadowing:1]]
[2020.10.22-16.10.07:224][  0]LogConfig: Setting CVar [[r.DistanceFieldAO:1]]
[2020.10.22-16.10.07:224][  0]LogConfig: Setting CVar [[r.AOQuality:2]]
[2020.10.22-16.10.07:224][  0]LogConfig: Setting CVar [[r.VolumetricFog:1]]
[2020.10.22-16.10.07:224][  0]LogConfig: Setting CVar [[r.VolumetricFog.GridPixelSize:8]]
[2020.10.22-16.10.07:224][  0]LogConfig: Setting CVar [[r.VolumetricFog.GridSizeZ:128]]
[2020.10.22-16.10.07:224][  0]LogConfig: Setting CVar [[r.VolumetricFog.HistoryMissSupersampleCount:4]]
[2020.10.22-16.10.07:224][  0]LogConfig: Setting CVar [[r.LightMaxDrawDistanceScale:1]]
[2020.10.22-16.10.07:224][  0]LogConfig: Setting CVar [[r.CapsuleShadows:1]]
[2020.10.22-16.10.07:224][  0]LogConfig: Applying CVar settings from Section [PostProcessQuality@3] File [E:/portfolio/VFXGuide_AoE/VFXGuide_AoE/Saved/Config/Windows/Scalability.ini]
[2020.10.22-16.10.07:224][  0]LogConfig: Setting CVar [[r.MotionBlurQuality:4]]
[2020.10.22-16.10.07:224][  0]LogConfig: Setting CVar [[r.AmbientOcclusionMipLevelFactor:0.4]]
[2020.10.22-16.10.07:224][  0]LogConfig: Setting CVar [[r.AmbientOcclusionMaxQuality:100]]
[2020.10.22-16.10.07:224][  0]LogConfig: Setting CVar [[r.AmbientOcclusionLevels:-1]]
[2020.10.22-16.10.07:224][  0]LogConfig: Setting CVar [[r.AmbientOcclusionRadiusScale:1.0]]
[2020.10.22-16.10.07:224][  0]LogConfig: Setting CVar [[r.DepthOfFieldQuality:2]]
[2020.10.22-16.10.07:224][  0]LogConfig: Setting CVar [[r.RenderTargetPoolMin:400]]
[2020.10.22-16.10.07:224][  0]LogConfig: Setting CVar [[r.LensFlareQuality:2]]
[2020.10.22-16.10.07:224][  0]LogConfig: Setting CVar [[r.SceneColorFringeQuality:1]]
[2020.10.22-16.10.07:224][  0]LogConfig: Setting CVar [[r.EyeAdaptationQuality:2]]
[2020.10.22-16.10.07:224][  0]LogConfig: Setting CVar [[r.BloomQuality:5]]
[2020.10.22-16.10.07:224][  0]LogConfig: Setting CVar [[r.FastBlurThreshold:100]]
[2020.10.22-16.10.07:224][  0]LogConfig: Setting CVar [[r.Upscale.Quality:3]]
[2020.10.22-16.10.07:224][  0]LogConfig: Setting CVar [[r.Tonemapper.GrainQuantization:1]]
[2020.10.22-16.10.07:224][  0]LogConfig: Setting CVar [[r.LightShaftQuality:1]]
[2020.10.22-16.10.07:224][  0]LogConfig: Setting CVar [[r.Filter.SizeScale:1]]
[2020.10.22-16.10.07:224][  0]LogConfig: Setting CVar [[r.Tonemapper.Quality:5]]
[2020.10.22-16.10.07:224][  0]LogConfig: Setting CVar [[r.DOF.Gather.AccumulatorQuality:1        ; higher gathering accumulator quality]]
[2020.10.22-16.10.07:224][  0]LogConfig: Setting CVar [[r.DOF.Gather.PostfilterMethod:1          ; Median3x3 postfilering method]]
[2020.10.22-16.10.07:224][  0]LogConfig: Setting CVar [[r.DOF.Gather.EnableBokehSettings:0       ; no bokeh simulation when gathering]]
[2020.10.22-16.10.07:224][  0]LogConfig: Setting CVar [[r.DOF.Gather.RingCount:4                 ; medium number of samples when gathering]]
[2020.10.22-16.10.07:224][  0]LogConfig: Setting CVar [[r.DOF.Scatter.ForegroundCompositing:1    ; additive foreground scattering]]
[2020.10.22-16.10.07:224][  0]LogConfig: Setting CVar [[r.DOF.Scatter.BackgroundCompositing:2    ; additive background scattering]]
[2020.10.22-16.10.07:224][  0]LogConfig: Setting CVar [[r.DOF.Scatter.EnableBokehSettings:1      ; bokeh simulation when scattering]]
[2020.10.22-16.10.07:224][  0]LogConfig: Setting CVar [[r.DOF.Scatter.MaxSpriteRatio:0.1         ; only a maximum of 10% of scattered bokeh]]
[2020.10.22-16.10.07:224][  0]LogConfig: Setting CVar [[r.DOF.Recombine.Quality:1                ; cheap slight out of focus]]
[2020.10.22-16.10.07:224][  0]LogConfig: Setting CVar [[r.DOF.Recombine.EnableBokehSettings:0    ; no bokeh simulation on slight out of focus]]
[2020.10.22-16.10.07:224][  0]LogConfig: Setting CVar [[r.DOF.TemporalAAQuality:1                ; more stable temporal accumulation]]
[2020.10.22-16.10.07:224][  0]LogConfig: Setting CVar [[r.DOF.Kernel.MaxForegroundRadius:0.025]]
[2020.10.22-16.10.07:224][  0]LogConfig: Setting CVar [[r.DOF.Kernel.MaxBackgroundRadius:0.025]]
[2020.10.22-16.10.07:224][  0]LogConfig: Applying CVar settings from Section [TextureQuality@3] File [E:/portfolio/VFXGuide_AoE/VFXGuide_AoE/Saved/Config/Windows/Scalability.ini]
[2020.10.22-16.10.07:224][  0]LogConfig: Setting CVar [[r.Streaming.MipBias:0]]
[2020.10.22-16.10.07:224][  0]LogConfig: Setting CVar [[r.Streaming.AmortizeCPUToGPUCopy:0]]
[2020.10.22-16.10.07:224][  0]LogConfig: Setting CVar [[r.Streaming.MaxNumTexturesToStreamPerFrame:0]]
[2020.10.22-16.10.07:224][  0]LogConfig: Setting CVar [[r.Streaming.Boost:1]]
[2020.10.22-16.10.07:224][  0]LogConfig: Setting CVar [[r.MaxAnisotropy:8]]
[2020.10.22-16.10.07:224][  0]LogConfig: Setting CVar [[r.VT.MaxAnisotropy:8]]
[2020.10.22-16.10.07:224][  0]LogConfig: Setting CVar [[r.Streaming.LimitPoolSizeToVRAM:0]]
[2020.10.22-16.10.07:224][  0]LogConfig: Setting CVar [[r.Streaming.PoolSize:1000]]
[2020.10.22-16.10.07:224][  0]LogConfig: Setting CVar [[r.Streaming.MaxEffectiveScreenSize:0]]
[2020.10.22-16.10.07:224][  0]LogConfig: Applying CVar settings from Section [EffectsQuality@3] File [E:/portfolio/VFXGuide_AoE/VFXGuide_AoE/Saved/Config/Windows/Scalability.ini]
[2020.10.22-16.10.07:224][  0]LogConfig: Setting CVar [[r.TranslucencyLightingVolumeDim:64]]
[2020.10.22-16.10.07:224][  0]LogConfig: Setting CVar [[r.RefractionQuality:2]]
[2020.10.22-16.10.07:224][  0]LogConfig: Setting CVar [[r.SSR.Quality:3]]
[2020.10.22-16.10.07:224][  0]LogConfig: Setting CVar [[r.SSR.HalfResSceneColor:0]]
[2020.10.22-16.10.07:224][  0]LogConfig: Setting CVar [[r.SceneColorFormat:4]]
[2020.10.22-16.10.07:224][  0]LogConfig: Setting CVar [[r.DetailMode:2]]
[2020.10.22-16.10.07:224][  0]LogConfig: Setting CVar [[r.TranslucencyVolumeBlur:1]]
[2020.10.22-16.10.07:224][  0]LogConfig: Setting CVar [[r.MaterialQualityLevel:1 ; High quality]]
[2020.10.22-16.10.07:224][  0]LogConfig: Setting CVar [[r.SSS.Scale:1]]
[2020.10.22-16.10.07:224][  0]LogConfig: Setting CVar [[r.SSS.SampleSet:2]]
[2020.10.22-16.10.07:224][  0]LogConfig: Setting CVar [[r.SSS.Quality:1]]
[2020.10.22-16.10.07:224][  0]LogConfig: Setting CVar [[r.SSS.HalfRes:1]]
[2020.10.22-16.10.07:224][  0]LogConfig: Setting CVar [[r.SSGI.Quality:3]]
[2020.10.22-16.10.07:224][  0]LogConfig: Setting CVar [[r.EmitterSpawnRateScale:1.0]]
[2020.10.22-16.10.07:225][  0]LogConfig: Setting CVar [[r.ParticleLightQuality:2]]
[2020.10.22-16.10.07:225][  0]LogConfig: Setting CVar [[r.SkyAtmosphere.AerialPerspectiveLUT.FastApplyOnOpaque:1 ; Always have FastSkyLUT 1 in this case to avoid wrong sky]]
[2020.10.22-16.10.07:225][  0]LogConfig: Setting CVar [[r.SkyAtmosphere.AerialPerspectiveLUT.SampleCountPerSlice:1]]
[2020.10.22-16.10.07:225][  0]LogConfig: Setting CVar [[r.SkyAtmosphere.AerialPerspectiveLUT.DepthResolution:16.0]]
[2020.10.22-16.10.07:225][  0]LogConfig: Setting CVar [[r.SkyAtmosphere.FastSkyLUT:1]]
[2020.10.22-16.10.07:225][  0]LogConfig: Setting CVar [[r.SkyAtmosphere.FastSkyLUT.SampleCountMin:4.0]]
[2020.10.22-16.10.07:225][  0]LogConfig: Setting CVar [[r.SkyAtmosphere.FastSkyLUT.SampleCountMax:32.0]]
[2020.10.22-16.10.07:225][  0]LogConfig: Setting CVar [[r.SkyAtmosphere.SampleCountMin:4.0]]
[2020.10.22-16.10.07:225][  0]LogConfig: Setting CVar [[r.SkyAtmosphere.SampleCountMax:32.0]]
[2020.10.22-16.10.07:225][  0]LogConfig: Setting CVar [[r.SkyAtmosphere.TransmittanceLUT.UseSmallFormat:0]]
[2020.10.22-16.10.07:225][  0]LogConfig: Setting CVar [[r.SkyAtmosphere.TransmittanceLUT.SampleCount:10.0]]
[2020.10.22-16.10.07:225][  0]LogConfig: Setting CVar [[r.SkyAtmosphere.MultiScatteringLUT.SampleCount:15.0]]
[2020.10.22-16.10.07:225][  0]LogConfig: Applying CVar settings from Section [FoliageQuality@3] File [E:/portfolio/VFXGuide_AoE/VFXGuide_AoE/Saved/Config/Windows/Scalability.ini]
[2020.10.22-16.10.07:225][  0]LogConfig: Setting CVar [[foliage.DensityScale:1.0]]
[2020.10.22-16.10.07:225][  0]LogConfig: Setting CVar [[grass.DensityScale:1.0]]
[2020.10.22-16.10.07:225][  0]LogConfig: Applying CVar settings from Section [ShadingQuality@3] File [E:/portfolio/VFXGuide_AoE/VFXGuide_AoE/Saved/Config/Windows/Scalability.ini]
[2020.10.22-16.10.07:225][  0]LogConfig: Setting CVar [[r.HairStrands.SkyLighting.SampleCount:16]]
[2020.10.22-16.10.07:225][  0]LogConfig: Setting CVar [[r.HairStrands.SkyLighting.JitterIntegration:0]]
[2020.10.22-16.10.07:225][  0]LogConfig: Setting CVar [[r.HairStrands.SkyAO.SampleCount:16]]
[2020.10.22-16.10.07:225][  0]LogInit: Selected Device Profile: [Windows]
[2020.10.22-16.10.07:226][  0]LogInit: Applying CVar settings loaded from the selected device profile: [Windows]
[2020.10.22-16.10.07:270][  0]LogHAL: Display: Platform has ~ 16 GB [17142071296 / 17179869184 / 16], which maps to Larger [LargestMinGB=32, LargerMinGB=12, DefaultMinGB=8, SmallerMinGB=6, SmallestMinGB=0)
[2020.10.22-16.10.07:270][  0]LogInit: Going up to parent DeviceProfile []
[2020.10.22-16.10.07:270][  0]LogConfig: Applying CVar settings from Section [ViewDistanceQuality@3] File [E:/portfolio/VFXGuide_AoE/VFXGuide_AoE/Saved/Config/Windows/Scalability.ini]
[2020.10.22-16.10.07:271][  0]LogConfig: Setting CVar [[r.SkeletalMeshLODBias:0]]
[2020.10.22-16.10.07:271][  0]LogConfig: Setting CVar [[r.ViewDistanceScale:1.0]]
[2020.10.22-16.10.07:271][  0]LogConfig: Applying CVar settings from Section [AntiAliasingQuality@3] File [E:/portfolio/VFXGuide_AoE/VFXGuide_AoE/Saved/Config/Windows/Scalability.ini]
[2020.10.22-16.10.07:271][  0]LogConfig: Setting CVar [[r.PostProcessAAQuality:4]]
[2020.10.22-16.10.07:271][  0]LogConfig: Applying CVar settings from Section [ShadowQuality@3] File [E:/portfolio/VFXGuide_AoE/VFXGuide_AoE/Saved/Config/Windows/Scalability.ini]
[2020.10.22-16.10.07:271][  0]LogConfig: Setting CVar [[r.LightFunctionQuality:1]]
[2020.10.22-16.10.07:271][  0]LogConfig: Setting CVar [[r.ShadowQuality:5]]
[2020.10.22-16.10.07:271][  0]LogConfig: Setting CVar [[r.Shadow.CSM.MaxCascades:10]]
[2020.10.22-16.10.07:271][  0]LogConfig: Setting CVar [[r.Shadow.MaxResolution:2048]]
[2020.10.22-16.10.07:271][  0]LogConfig: Setting CVar [[r.Shadow.MaxCSMResolution:2048]]
[2020.10.22-16.10.07:271][  0]LogConfig: Setting CVar [[r.Shadow.RadiusThreshold:0.01]]
[2020.10.22-16.10.07:271][  0]LogConfig: Setting CVar [[r.Shadow.DistanceScale:1.0]]
[2020.10.22-16.10.07:271][  0]LogConfig: Setting CVar [[r.Shadow.CSM.TransitionScale:1.0]]
[2020.10.22-16.10.07:271][  0]LogConfig: Setting CVar [[r.Shadow.PreShadowResolutionFactor:1.0]]
[2020.10.22-16.10.07:271][  0]LogConfig: Setting CVar [[r.DistanceFieldShadowing:1]]
[2020.10.22-16.10.07:271][  0]LogConfig: Setting CVar [[r.DistanceFieldAO:1]]
[2020.10.22-16.10.07:271][  0]LogConfig: Setting CVar [[r.AOQuality:2]]
[2020.10.22-16.10.07:271][  0]LogConfig: Setting CVar [[r.VolumetricFog:1]]
[2020.10.22-16.10.07:271][  0]LogConfig: Setting CVar [[r.VolumetricFog.GridPixelSize:8]]
[2020.10.22-16.10.07:271][  0]LogConfig: Setting CVar [[r.VolumetricFog.GridSizeZ:128]]
[2020.10.22-16.10.07:271][  0]LogConfig: Setting CVar [[r.VolumetricFog.HistoryMissSupersampleCount:4]]
[2020.10.22-16.10.07:271][  0]LogConfig: Setting CVar [[r.LightMaxDrawDistanceScale:1]]
[2020.10.22-16.10.07:271][  0]LogConfig: Setting CVar [[r.CapsuleShadows:1]]
[2020.10.22-16.10.07:271][  0]LogConfig: Applying CVar settings from Section [PostProcessQuality@3] File [E:/portfolio/VFXGuide_AoE/VFXGuide_AoE/Saved/Config/Windows/Scalability.ini]
[2020.10.22-16.10.07:271][  0]LogConfig: Setting CVar [[r.MotionBlurQuality:4]]
[2020.10.22-16.10.07:271][  0]LogConfig: Setting CVar [[r.AmbientOcclusionMipLevelFactor:0.4]]
[2020.10.22-16.10.07:271][  0]LogConfig: Setting CVar [[r.AmbientOcclusionMaxQuality:100]]
[2020.10.22-16.10.07:271][  0]LogConfig: Setting CVar [[r.AmbientOcclusionLevels:-1]]
[2020.10.22-16.10.07:271][  0]LogConfig: Setting CVar [[r.AmbientOcclusionRadiusScale:1.0]]
[2020.10.22-16.10.07:271][  0]LogConfig: Setting CVar [[r.DepthOfFieldQuality:2]]
[2020.10.22-16.10.07:271][  0]LogConfig: Setting CVar [[r.RenderTargetPoolMin:400]]
[2020.10.22-16.10.07:271][  0]LogConfig: Setting CVar [[r.LensFlareQuality:2]]
[2020.10.22-16.10.07:272][  0]LogConfig: Setting CVar [[r.SceneColorFringeQuality:1]]
[2020.10.22-16.10.07:272][  0]LogConfig: Setting CVar [[r.EyeAdaptationQuality:2]]
[2020.10.22-16.10.07:272][  0]LogConfig: Setting CVar [[r.BloomQuality:5]]
[2020.10.22-16.10.07:272][  0]LogConfig: Setting CVar [[r.FastBlurThreshold:100]]
[2020.10.22-16.10.07:272][  0]LogConfig: Setting CVar [[r.Upscale.Quality:3]]
[2020.10.22-16.10.07:272][  0]LogConfig: Setting CVar [[r.Tonemapper.GrainQuantization:1]]
[2020.10.22-16.10.07:272][  0]LogConfig: Setting CVar [[r.LightShaftQuality:1]]
[2020.10.22-16.10.07:272][  0]LogConfig: Setting CVar [[r.Filter.SizeScale:1]]
[2020.10.22-16.10.07:272][  0]LogConfig: Setting CVar [[r.Tonemapper.Quality:5]]
[2020.10.22-16.10.07:272][  0]LogConfig: Setting CVar [[r.DOF.Gather.AccumulatorQuality:1        ; higher gathering accumulator quality]]
[2020.10.22-16.10.07:272][  0]LogConfig: Setting CVar [[r.DOF.Gather.PostfilterMethod:1          ; Median3x3 postfilering method]]
[2020.10.22-16.10.07:272][  0]LogConfig: Setting CVar [[r.DOF.Gather.EnableBokehSettings:0       ; no bokeh simulation when gathering]]
[2020.10.22-16.10.07:272][  0]LogConfig: Setting CVar [[r.DOF.Gather.RingCount:4                 ; medium number of samples when gathering]]
[2020.10.22-16.10.07:272][  0]LogConfig: Setting CVar [[r.DOF.Scatter.ForegroundCompositing:1    ; additive foreground scattering]]
[2020.10.22-16.10.07:272][  0]LogConfig: Setting CVar [[r.DOF.Scatter.BackgroundCompositing:2    ; additive background scattering]]
[2020.10.22-16.10.07:272][  0]LogConfig: Setting CVar [[r.DOF.Scatter.EnableBokehSettings:1      ; bokeh simulation when scattering]]
[2020.10.22-16.10.07:272][  0]LogConfig: Setting CVar [[r.DOF.Scatter.MaxSpriteRatio:0.1         ; only a maximum of 10% of scattered bokeh]]
[2020.10.22-16.10.07:272][  0]LogConfig: Setting CVar [[r.DOF.Recombine.Quality:1                ; cheap slight out of focus]]
[2020.10.22-16.10.07:272][  0]LogConfig: Setting CVar [[r.DOF.Recombine.EnableBokehSettings:0    ; no bokeh simulation on slight out of focus]]
[2020.10.22-16.10.07:272][  0]LogConfig: Setting CVar [[r.DOF.TemporalAAQuality:1                ; more stable temporal accumulation]]
[2020.10.22-16.10.07:272][  0]LogConfig: Setting CVar [[r.DOF.Kernel.MaxForegroundRadius:0.025]]
[2020.10.22-16.10.07:272][  0]LogConfig: Setting CVar [[r.DOF.Kernel.MaxBackgroundRadius:0.025]]
[2020.10.22-16.10.07:272][  0]LogConfig: Applying CVar settings from Section [TextureQuality@3] File [E:/portfolio/VFXGuide_AoE/VFXGuide_AoE/Saved/Config/Windows/Scalability.ini]
[2020.10.22-16.10.07:272][  0]LogConfig: Setting CVar [[r.Streaming.MipBias:0]]
[2020.10.22-16.10.07:272][  0]LogConfig: Setting CVar [[r.Streaming.AmortizeCPUToGPUCopy:0]]
[2020.10.22-16.10.07:272][  0]LogConfig: Setting CVar [[r.Streaming.MaxNumTexturesToStreamPerFrame:0]]
[2020.10.22-16.10.07:272][  0]LogConfig: Setting CVar [[r.Streaming.Boost:1]]
[2020.10.22-16.10.07:272][  0]LogConfig: Setting CVar [[r.MaxAnisotropy:8]]
[2020.10.22-16.10.07:273][  0]LogConfig: Setting CVar [[r.VT.MaxAnisotropy:8]]
[2020.10.22-16.10.07:273][  0]LogConfig: Setting CVar [[r.Streaming.LimitPoolSizeToVRAM:0]]
[2020.10.22-16.10.07:273][  0]LogConfig: Setting CVar [[r.Streaming.PoolSize:1000]]
[2020.10.22-16.10.07:273][  0]LogConfig: Setting CVar [[r.Streaming.MaxEffectiveScreenSize:0]]
[2020.10.22-16.10.07:273][  0]LogConfig: Applying CVar settings from Section [EffectsQuality@3] File [E:/portfolio/VFXGuide_AoE/VFXGuide_AoE/Saved/Config/Windows/Scalability.ini]
[2020.10.22-16.10.07:273][  0]LogConfig: Setting CVar [[r.TranslucencyLightingVolumeDim:64]]
[2020.10.22-16.10.07:273][  0]LogConfig: Setting CVar [[r.RefractionQuality:2]]
[2020.10.22-16.10.07:273][  0]LogConfig: Setting CVar [[r.SSR.Quality:3]]
[2020.10.22-16.10.07:273][  0]LogConfig: Setting CVar [[r.SSR.HalfResSceneColor:0]]
[2020.10.22-16.10.07:273][  0]LogConfig: Setting CVar [[r.SceneColorFormat:4]]
[2020.10.22-16.10.07:273][  0]LogConfig: Setting CVar [[r.DetailMode:2]]
[2020.10.22-16.10.07:273][  0]LogConfig: Setting CVar [[r.TranslucencyVolumeBlur:1]]
[2020.10.22-16.10.07:273][  0]LogConfig: Setting CVar [[r.MaterialQualityLevel:1 ; High quality]]
[2020.10.22-16.10.07:273][  0]LogConfig: Setting CVar [[r.SSS.Scale:1]]
[2020.10.22-16.10.07:273][  0]LogConfig: Setting CVar [[r.SSS.SampleSet:2]]
[2020.10.22-16.10.07:273][  0]LogConfig: Setting CVar [[r.SSS.Quality:1]]
[2020.10.22-16.10.07:273][  0]LogConfig: Setting CVar [[r.SSS.HalfRes:1]]
[2020.10.22-16.10.07:273][  0]LogConfig: Setting CVar [[r.SSGI.Quality:3]]
[2020.10.22-16.10.07:273][  0]LogConfig: Setting CVar [[r.EmitterSpawnRateScale:1.0]]
[2020.10.22-16.10.07:273][  0]LogConfig: Setting CVar [[r.ParticleLightQuality:2]]
[2020.10.22-16.10.07:273][  0]LogConfig: Setting CVar [[r.SkyAtmosphere.AerialPerspectiveLUT.FastApplyOnOpaque:1 ; Always have FastSkyLUT 1 in this case to avoid wrong sky]]
[2020.10.22-16.10.07:273][  0]LogConfig: Setting CVar [[r.SkyAtmosphere.AerialPerspectiveLUT.SampleCountPerSlice:1]]
[2020.10.22-16.10.07:273][  0]LogConfig: Setting CVar [[r.SkyAtmosphere.AerialPerspectiveLUT.DepthResolution:16.0]]
[2020.10.22-16.10.07:273][  0]LogConfig: Setting CVar [[r.SkyAtmosphere.FastSkyLUT:1]]
[2020.10.22-16.10.07:273][  0]LogConfig: Setting CVar [[r.SkyAtmosphere.FastSkyLUT.SampleCountMin:4.0]]
[2020.10.22-16.10.07:273][  0]LogConfig: Setting CVar [[r.SkyAtmosphere.FastSkyLUT.SampleCountMax:32.0]]
[2020.10.22-16.10.07:273][  0]LogConfig: Setting CVar [[r.SkyAtmosphere.SampleCountMin:4.0]]
[2020.10.22-16.10.07:273][  0]LogConfig: Setting CVar [[r.SkyAtmosphere.SampleCountMax:32.0]]
[2020.10.22-16.10.07:273][  0]LogConfig: Setting CVar [[r.SkyAtmosphere.TransmittanceLUT.UseSmallFormat:0]]
[2020.10.22-16.10.07:273][  0]LogConfig: Setting CVar [[r.SkyAtmosphere.TransmittanceLUT.SampleCount:10.0]]
[2020.10.22-16.10.07:273][  0]LogConfig: Setting CVar [[r.SkyAtmosphere.MultiScatteringLUT.SampleCount:15.0]]
[2020.10.22-16.10.07:273][  0]LogConfig: Applying CVar settings from Section [FoliageQuality@3] File [E:/portfolio/VFXGuide_AoE/VFXGuide_AoE/Saved/Config/Windows/Scalability.ini]
[2020.10.22-16.10.07:273][  0]LogConfig: Setting CVar [[foliage.DensityScale:1.0]]
[2020.10.22-16.10.07:273][  0]LogConfig: Setting CVar [[grass.DensityScale:1.0]]
[2020.10.22-16.10.07:273][  0]LogConfig: Applying CVar settings from Section [ShadingQuality@3] File [E:/portfolio/VFXGuide_AoE/VFXGuide_AoE/Saved/Config/Windows/Scalability.ini]
[2020.10.22-16.10.07:273][  0]LogConfig: Setting CVar [[r.HairStrands.SkyLighting.SampleCount:16]]
[2020.10.22-16.10.07:273][  0]LogConfig: Setting CVar [[r.HairStrands.SkyLighting.JitterIntegration:0]]
[2020.10.22-16.10.07:274][  0]LogConfig: Setting CVar [[r.HairStrands.SkyAO.SampleCount:16]]
[2020.10.22-16.10.07:274][  0]LogConfig: Applying CVar settings from Section [Startup] File [../../../Engine/Config/ConsoleVariables.ini]
[2020.10.22-16.10.07:288][  0]LogConfig: Setting CVar [[net.UseAdaptiveNetUpdateFrequency:0]]
[2020.10.22-16.10.07:288][  0]LogConfig: Setting CVar [[p.chaos.AllowCreatePhysxBodies:1]]
[2020.10.22-16.10.07:288][  0]LogConfig: Setting CVar [[fx.SkipVectorVMBackendOptimizations:1]]
[2020.10.22-16.10.07:288][  0]LogConfig: Applying CVar settings from Section [ConsoleVariables] File [E:/portfolio/VFXGuide_AoE/VFXGuide_AoE/Saved/Config/Windows/Engine.ini]
[2020.10.22-16.10.07:288][  0]LogInit: Computer: DESKTOP-80GCCJK
[2020.10.22-16.10.07:288][  0]LogInit: User: fresh
[2020.10.22-16.10.07:288][  0]LogInit: CPU Page size=4096, Cores=4
[2020.10.22-16.10.07:288][  0]LogInit: High frequency timer resolution =10.000000 MHz
[2020.10.22-16.10.07:289][  0]LogMemory: Memory total: Physical=16.0GB (16GB approx)
[2020.10.22-16.10.07:289][  0]LogMemory: Platform Memory Stats for Windows
[2020.10.22-16.10.07:289][  0]LogMemory: Process Physical Memory: 110.14 MB used, 110.15 MB peak
[2020.10.22-16.10.07:289][  0]LogMemory: Process Virtual Memory: 103.75 MB used, 103.75 MB peak
[2020.10.22-16.10.07:289][  0]LogMemory: Physical Memory: 10045.80 MB used,  6302.15 MB free, 16347.95 MB total
[2020.10.22-16.10.07:289][  0]LogMemory: Virtual Memory: 5173.24 MB used,  134212552.00 MB free, 134217728.00 MB total
[2020.10.22-16.10.07:306][  0]LogWindows: WindowsPlatformFeatures enabled
[2020.10.22-16.10.08:089][  0]LogInit: Using OS detected language (en-GB).
[2020.10.22-16.10.08:089][  0]LogInit: Using OS detected locale (en-GB).
[2020.10.22-16.10.08:127][  0]LogTextLocalizationManager: No specific localization for 'en-GB' exists, so the 'en' localization will be used.
[2020.10.22-16.10.08:599][  0]LogInit: Setting process to per monitor DPI aware
[2020.10.22-16.10.09:197][  0]LogSlate: New Slate User Created.  User Index 0, Is Virtual User: 0
[2020.10.22-16.10.09:197][  0]LogSlate: Slate User Registered.  User Index 0, Is Virtual User: 0
[2020.10.22-16.10.10:293][  0]LogHMD: Failed to initialize OpenVR with code 110
[2020.10.22-16.10.10:293][  0]LogD3D11RHI: D3D11 min allowed feature level: 11_0
[2020.10.22-16.10.10:293][  0]LogD3D11RHI: D3D11 max allowed feature level: 11_0
[2020.10.22-16.10.10:293][  0]LogD3D11RHI: D3D11 adapters:
[2020.10.22-16.10.10:395][  0]LogD3D11RHI:    0. 'NVIDIA GeForce GTX 1080' (Feature Level 11_0)
[2020.10.22-16.10.10:395][  0]LogD3D11RHI:       8079/0/8173 MB DedicatedVideo/DedicatedSystem/SharedSystem, Outputs:2, VendorId:0x10de
[2020.10.22-16.10.10:433][  0]LogD3D11RHI:    1. 'Microsoft Basic Render Driver' (Feature Level 11_0)
[2020.10.22-16.10.10:433][  0]LogD3D11RHI:       0/0/8173 MB DedicatedVideo/DedicatedSystem/SharedSystem, Outputs:0, VendorId:0x1414
[2020.10.22-16.10.10:433][  0]LogD3D11RHI: Chosen D3D11 Adapter: 0
[2020.10.22-16.10.10:444][  0]LogD3D11RHI: Creating new Direct3DDevice
[2020.10.22-16.10.10:444][  0]LogD3D11RHI:     GPU DeviceId: 0x1b80 (for the marketing name, search the web for "GPU Device Id")
[2020.10.22-16.10.10:444][  0]LogWindows: EnumDisplayDevices:
[2020.10.22-16.10.10:444][  0]LogWindows:    0. 'NVIDIA GeForce GTX 1080' (P:0 D:1)
[2020.10.22-16.10.10:445][  0]LogWindows:    1. 'NVIDIA GeForce GTX 1080' (P:1 D:1)
[2020.10.22-16.10.10:445][  0]LogWindows:    2. 'NVIDIA GeForce GTX 1080' (P:0 D:0)
[2020.10.22-16.10.10:445][  0]LogWindows:    3. 'NVIDIA GeForce GTX 1080' (P:0 D:0)
[2020.10.22-16.10.10:446][  0]LogWindows: DebugString: FoundDriverCount:4 
[2020.10.22-16.10.10:446][  0]LogD3D11RHI:     Adapter Name: NVIDIA GeForce GTX 1080
[2020.10.22-16.10.10:446][  0]LogD3D11RHI:   Driver Version: 432.00 (internal:26.21.14.3200, unified:432.00)
[2020.10.22-16.10.10:446][  0]LogD3D11RHI:      Driver Date: 7-24-2019
[2020.10.22-16.10.10:446][  0]LogRHI: Texture pool is 5655 MB (70% of 8079 MB)
[2020.10.22-16.10.10:571][  0]LogD3D11RHI: RHI has support for 64 bit atomics
[2020.10.22-16.10.10:571][  0]LogD3D11RHI: Async texture creation enabled
[2020.10.22-16.10.10:765][  0]LogD3D11RHI: GPU Timing Frequency: 1000.000000 (Debug: 2 1)
[2020.10.22-16.10.11:904][  0]LogTargetPlatformManager: Display: Loaded TargetPlatform 'AllDesktop'
[2020.10.22-16.10.11:969][  0]LogTargetPlatformManager: Display: Loaded TargetPlatform 'Android'
[2020.10.22-16.10.11:969][  0]LogTargetPlatformManager: Display: Loaded TargetPlatform 'Android_ASTC'
[2020.10.22-16.10.11:969][  0]LogTargetPlatformManager: Display: Loaded TargetPlatform 'Android_ATC'
[2020.10.22-16.10.11:969][  0]LogTargetPlatformManager: Display: Loaded TargetPlatform 'Android_DXT'
[2020.10.22-16.10.11:969][  0]LogTargetPlatformManager: Display: Loaded TargetPlatform 'Android_ETC1'
[2020.10.22-16.10.11:969][  0]LogTargetPlatformManager: Display: Loaded TargetPlatform 'Android_ETC1a'
[2020.10.22-16.10.11:969][  0]LogTargetPlatformManager: Display: Loaded TargetPlatform 'Android_ETC2'
[2020.10.22-16.10.11:969][  0]LogTargetPlatformManager: Display: Loaded TargetPlatform 'Android_PVRTC'
[2020.10.22-16.10.11:969][  0]LogTargetPlatformManager: Display: Loaded TargetPlatform 'AndroidClient'
[2020.10.22-16.10.11:969][  0]LogTargetPlatformManager: Display: Loaded TargetPlatform 'Android_ASTCClient'
[2020.10.22-16.10.11:969][  0]LogTargetPlatformManager: Display: Loaded TargetPlatform 'Android_ATCClient'
[2020.10.22-16.10.11:969][  0]LogTargetPlatformManager: Display: Loaded TargetPlatform 'Android_DXTClient'
[2020.10.22-16.10.11:969][  0]LogTargetPlatformManager: Display: Loaded TargetPlatform 'Android_ETC1Client'
[2020.10.22-16.10.11:969][  0]LogTargetPlatformManager: Display: Loaded TargetPlatform 'Android_ETC1aClient'
[2020.10.22-16.10.11:969][  0]LogTargetPlatformManager: Display: Loaded TargetPlatform 'Android_ETC2Client'
[2020.10.22-16.10.11:969][  0]LogTargetPlatformManager: Display: Loaded TargetPlatform 'Android_PVRTCClient'
[2020.10.22-16.10.11:969][  0]LogTargetPlatformManager: Display: Loaded TargetPlatform 'Android_Multi'
[2020.10.22-16.10.11:969][  0]LogTargetPlatformManager: Display: Loaded TargetPlatform 'Android_MultiClient'
[2020.10.22-16.10.12:116][  0]LogTargetPlatformManager: Display: Loaded TargetPlatform 'IOSClient'
[2020.10.22-16.10.12:116][  0]LogTargetPlatformManager: Display: Loaded TargetPlatform 'IOS'
[2020.10.22-16.10.12:149][  0]LogTargetPlatformManager: Display: Loaded TargetPlatform 'LinuxNoEditor'
[2020.10.22-16.10.12:186][  0]LogTargetPlatformManager: Display: Loaded TargetPlatform 'LinuxClient'
[2020.10.22-16.10.12:205][  0]LogTargetPlatformManager: Display: Loaded TargetPlatform 'LinuxServer'
[2020.10.22-16.10.12:226][  0]LogTargetPlatformManager: Display: Loaded TargetPlatform 'LinuxAArch64NoEditor'
[2020.10.22-16.10.12:253][  0]LogTargetPlatformManager: Display: Loaded TargetPlatform 'LinuxAArch64Client'
[2020.10.22-16.10.12:272][  0]LogTargetPlatformManager: Display: Loaded TargetPlatform 'LinuxAArch64Server'
[2020.10.22-16.10.12:325][  0]LogTargetPlatformManager: Display: Loaded TargetPlatform 'Lumin'
[2020.10.22-16.10.12:325][  0]LogTargetPlatformManager: Display: Loaded TargetPlatform 'LuminClient'
[2020.10.22-16.10.12:364][  0]LogTargetPlatformManager: Display: Loaded TargetPlatform 'TVOSClient'
[2020.10.22-16.10.12:364][  0]LogTargetPlatformManager: Display: Loaded TargetPlatform 'TVOS'
[2020.10.22-16.10.12:424][  0]LogTargetPlatformManager: Display: Loaded TargetPlatform 'WindowsNoEditor'
[2020.10.22-16.10.12:441][  0]LogTargetPlatformManager: Display: Loaded TargetPlatform 'Windows'
[2020.10.22-16.10.12:466][  0]LogTargetPlatformManager: Display: Loaded TargetPlatform 'WindowsClient'
[2020.10.22-16.10.12:483][  0]LogTargetPlatformManager: Display: Loaded TargetPlatform 'WindowsServer'
[2020.10.22-16.10.12:483][  0]LogTargetPlatformManager: Display: Building Assets For Windows
[2020.10.22-16.10.12:723][  0]LogAudioDebug: Display: Lib vorbis DLL was dynamically loaded.
[2020.10.22-16.10.13:649][  0]LogShaderCompilers: Guid format shader working directory is 9 characters bigger than the processId version (E:/portfolio/VFXGuide_AoE/VFXGuide_AoE/Intermediate/Shaders/WorkingDirectory/360/).
[2020.10.22-16.10.13:650][  0]LogShaderCompilers: Cleaned the shader compiler working directory 'C:/Users/fresh/AppData/Local/Temp/UnrealShaderWorkingDir/C87FDD824400AD459CF79CBF313AAB4F/'.
[2020.10.22-16.10.13:664][  0]LogXGEController: Cannot use XGE Controller as Incredibuild is not installed on this machine.
[2020.10.22-16.10.13:665][  0]LogShaderCompilers: Cannot use XGE Shader Compiler as Incredibuild is not installed on this machine.
[2020.10.22-16.10.13:665][  0]LogShaderCompilers: Display: Using Local Shader Compiler.
[2020.10.22-16.10.15:351][  0]LogDerivedDataCache: Display: Max Cache Size: 512 MB
[2020.10.22-16.10.15:562][  0]LogDerivedDataCache: Loaded boot cache 0.21s 80MB C:/Users/fresh/AppData/Local/UnrealEngine/4.24/DerivedDataCache/Boot.ddc.
[2020.10.22-16.10.15:563][  0]LogDerivedDataCache: Display: Loaded Boot cache: C:/Users/fresh/AppData/Local/UnrealEngine/4.24/DerivedDataCache/Boot.ddc
[2020.10.22-16.10.15:563][  0]LogDerivedDataCache: FDerivedDataBackendGraph:  Pak pak cache file E:/portfolio/VFXGuide_AoE/VFXGuide_AoE/DerivedDataCache/DDC.ddp not found, will not use a pak cache.
[2020.10.22-16.10.15:563][  0]LogDerivedDataCache: Unable to find inner node Pak for hierarchical cache Hierarchy.
[2020.10.22-16.10.15:563][  0]LogDerivedDataCache: FDerivedDataBackendGraph:  CompressedPak pak cache file E:/portfolio/VFXGuide_AoE/VFXGuide_AoE/DerivedDataCache/Compressed.ddp not found, will not use a pak cache.
[2020.10.22-16.10.15:563][  0]LogDerivedDataCache: Unable to find inner node CompressedPak for hierarchical cache Hierarchy.
[2020.10.22-16.10.15:627][  0]LogDerivedDataCache: Display: Pak cache opened for reading ../../../Engine/DerivedDataCache/Compressed.ddp.
[2020.10.22-16.10.15:627][  0]LogDerivedDataCache: FDerivedDataBackendGraph:  EnterprisePak pak cache file ../../../Enterprise/DerivedDataCache/Compressed.ddp not found, will not use a pak cache.
[2020.10.22-16.10.15:627][  0]LogDerivedDataCache: Unable to find inner node EnterprisePak for hierarchical cache Hierarchy.
[2020.10.22-16.10.15:631][  0]LogDerivedDataCache: Using Local data cache path C:/Users/fresh/AppData/Local/UnrealEngine/Common/DerivedDataCache: Writable
[2020.10.22-16.10.15:631][  0]LogDerivedDataCache: Shared data cache path not found in *engine.ini, will not use an Shared cache.
[2020.10.22-16.10.15:631][  0]LogDerivedDataCache: Unable to find inner node Shared for hierarchical cache Hierarchy.
[2020.10.22-16.10.15:662][  0]LogMaterial: Verifying Global Shaders for PCD3D_SM5
[2020.10.22-16.10.15:686][  0]LogSlate: Using FreeType 2.10.0
[2020.10.22-16.10.15:813][  0]LogSlate: SlateFontServices - WITH_FREETYPE: 1, WITH_HARFBUZZ: 1
[2020.10.22-16.10.16:654][  0]LogAssetRegistry: FAssetRegistry took 0.0257 seconds to start up
[2020.10.22-16.10.21:767][  0]LogInit: Selected Device Profile: [Windows]
[2020.10.22-16.10.29:141][  0]LogMeshReduction: Using QuadricMeshReduction for automatic static mesh reduction
[2020.10.22-16.10.29:141][  0]LogMeshReduction: Using SimplygonMeshReduction for automatic skeletal mesh reduction
[2020.10.22-16.10.29:141][  0]LogMeshReduction: Using ProxyLODMeshReduction for automatic mesh merging
[2020.10.22-16.10.29:141][  0]LogMeshReduction: No distributed automatic mesh merging module available
[2020.10.22-16.10.29:141][  0]LogMeshMerging: No distributed automatic mesh merging module available
[2020.10.22-16.10.29:359][  0]LogNetVersion: VFXGuide_AoE 1.0.0, NetCL: 10570792, EngineNetVer: 13, GameNetVer: 0 (Checksum: 1510203147)
[2020.10.22-16.10.43:092][  0]LogAssetRegistry: Error: Failed to open file for write E:/portfolio/VFXGuide_AoE/VFXGuide_AoE/Intermediate/CachedAssetRegistry.bin
[2020.10.22-16.10.43:092][  0]LogPackageLocalizationCache: Processed 13 localized package path(s) for 1 prioritized culture(s) in 0.170508 seconds
[2020.10.22-16.10.43:099][  0]LogUObjectArray: 46775 objects as part of root set at end of initial load.
[2020.10.22-16.10.43:099][  0]LogUObjectAllocator: 8142024 out of 0 bytes used by permanent object pool.
[2020.10.22-16.10.43:099][  0]LogUObjectArray: CloseDisregardForGC: 0/0 objects in disregard for GC pool
[2020.10.22-16.10.48:396][  0]LogTcpMessaging: Initializing TcpMessaging bridge
[2020.10.22-16.10.48:449][  0]LogUdpMessaging: Initializing bridge on interface 0.0.0.0:0 to multicast group 230.0.0.1:6666.
[2020.10.22-16.10.49:063][  0]SourceControl: Source control is disabled
[2020.10.22-16.10.49:063][  0]SourceControl: Source control is disabled
[2020.10.22-16.10.49:232][  0]SourceControl: Source control is disabled
[2020.10.22-16.10.49:276][  0]SourceControl: Source control is disabled
[2020.10.22-16.10.49:289][  0]SourceControl: Source control is disabled
[2020.10.22-16.10.50:734][  0]LogAndroidPermission: UAndroidPermissionCallbackProxy::GetInstance
[2020.10.22-16.10.50:890][  0]LogAudioCaptureCore: Display: No Audio Capture implementations found. Audio input will be silent.
[2020.10.22-16.10.50:890][  0]LogAudioCaptureCore: Display: No Audio Capture implementations found. Audio input will be silent.
[2020.10.22-16.10.51:236][  0]LogHoudiniEngine: Starting the Houdini Engine module.
[2020.10.22-16.10.51:251][  0]LogHoudiniEngine: Loaded libHAPIL.dll from Registry path C:/Program Files/Side Effects Software/Houdini 18.0.566/bin
[2020.10.22-16.10.51:288][  0]LogLinker: Warning: Asset '../../Plugins/Runtime/HoudiniEngine/Content/houdini_logo.uasset' has been saved with empty engine version. The asset will be loaded but may be incompatible.
[2020.10.22-16.10.51:310][  0]LogLinker: Warning: Asset '../../Plugins/Runtime/HoudiniEngine/Content/houdini_default_material.uasset' has been saved with empty engine version. The asset will be loaded but may be incompatible.
[2020.10.22-16.10.51:342][  0]LogLinker: Warning: Asset '../../Plugins/Runtime/HoudiniEngine/Content/houdini_bgeo_import.uasset' has been saved with empty engine version. The asset will be loaded but may be incompatible.
[2020.10.22-16.10.51:546][  0]LogOcInput: OculusInput pre-init called
[2020.10.22-16.10.51:642][  0]LogWindows: Failed to load 'OVRPlugin.dll' (GetLastError=126)
[2020.10.22-16.10.51:642][  0]LogWindows: File 'OVRPlugin.dll' does not exist
[2020.10.22-16.10.52:137][  0]LogEngine: Initializing Engine...
[2020.10.22-16.10.52:139][  0]LogHMD: Failed to initialize OpenVR with code 110
[2020.10.22-16.10.52:140][  0]LogStats: UGameplayTagsManager::InitializeManager -  0.000 s
[2020.10.22-16.10.53:054][  0]LogInit: Initializing FReadOnlyCVARCache
[2020.10.22-16.10.53:190][  0]LogAIModule: Creating AISystem for world Untitled
[2020.10.22-16.10.53:263][  0]LogAudioMixer: Display: Audio Mixer Platform Settings:
[2020.10.22-16.10.53:263][  0]LogAudioMixer: Display: 	Sample Rate:						  48000
[2020.10.22-16.10.53:263][  0]LogAudioMixer: Display: 	Callback Buffer Frame Size Requested: 1024
[2020.10.22-16.10.53:263][  0]LogAudioMixer: Display: 	Callback Buffer Frame Size To Use:	  1024
[2020.10.22-16.10.53:263][  0]LogAudioMixer: Display: 	Number of buffers to queue:			  2
[2020.10.22-16.10.53:263][  0]LogAudioMixer: Display: 	Max Channels (voices):				  32
[2020.10.22-16.10.53:263][  0]LogAudioMixer: Display: 	Number of Async Source Workers:		  0
[2020.10.22-16.10.53:263][  0]LogAudio: Display: AudioDevice MaxSources: 32
[2020.10.22-16.10.53:263][  0]LogAudio: Display: Using built-in audio occlusion.
[2020.10.22-16.10.53:263][  0]LogAudioMixer: Display: Initializing audio mixer.
[2020.10.22-16.10.53:367][  0]LogAudioMixer: Display: Audio Device Output Speaker Info:
[2020.10.22-16.10.53:367][  0]LogAudioMixer: Display: Name: PHL 288P6L (NVIDIA High Definition Audio)
[2020.10.22-16.10.53:367][  0]LogAudioMixer: Display: Is Default: Yes
[2020.10.22-16.10.53:367][  0]LogAudioMixer: Display: Sample Rate: 48000
[2020.10.22-16.10.53:367][  0]LogAudioMixer: Display: Channel Count Used: 2
[2020.10.22-16.10.53:367][  0]LogAudioMixer: Display: Device Channel Count: 2
[2020.10.22-16.10.53:367][  0]LogAudioMixer: Display: Channel Order:
[2020.10.22-16.10.53:367][  0]LogAudioMixer: Display: 0: FrontLeft
[2020.10.22-16.10.53:367][  0]LogAudioMixer: Display: 1: FrontRight
[2020.10.22-16.10.53:406][  0]LogAudioMixer: Display: Using Audio Device PHL 288P6L (NVIDIA High Definition Audio)
[2020.10.22-16.10.53:411][  0]LogInit: FAudioDevice initialized.
[2020.10.22-16.10.53:411][  0]LogNetVersion: Set ProjectVersion to 1.0.0.0. Version Checksum will be recalculated on next use.
[2020.10.22-16.10.53:494][  0]LogDerivedDataCache: Saved boot cache 0.08s 80MB C:/Users/fresh/AppData/Local/UnrealEngine/4.24/DerivedDataCache/Boot.ddc.
[2020.10.22-16.10.53:496][  0]LogInit: Texture streaming: Enabled
[2020.10.22-16.10.53:631][  0]LogEngineSessionManager: EngineSessionManager initialized
[2020.10.22-16.10.53:631][  0]LogEditorSessionSummary: Verbose: Initializing EditorSessionSummaryWriter for editor session tracking
[2020.10.22-16.10.53:685][  0]LogEditorSessionSummary: EditorSessionSummaryWriter initialized
[2020.10.22-16.10.53:830][  0]LogInit: Transaction tracking system initialized
[2020.10.22-16.10.54:679][  0]BlueprintLog: New page: Editor Load
[2020.10.22-16.10.56:456][  0]LocalizationService: Localization service is disabled
[2020.10.22-16.11.02:526][  0]LogFileCache: Scanning file cache for directory 'E:/portfolio/VFXGuide_AoE/VFXGuide_AoE/Content/' took 0.16s
[2020.10.22-16.11.02:526][  0]LogCook: Display: Max memory allowance for cook 16384mb min free memory 0mb
[2020.10.22-16.11.02:526][  0]LogCook: Display: Mobile HDR setting 1
[2020.10.22-16.11.06:970][  0]LogHoudiniEngineEditor: Starting the Houdini Engine Editor module.
[2020.10.22-16.11.07:158][  0]LogHoudiniEngineEditor: Houdini Engine Editor module startup complete.
[2020.10.22-16.11.09:005][  0]SourceControl: Source control is disabled
[2020.10.22-16.11.09:020][  0]Cmd: MAP LOAD FILE="E:/portfolio/VFXGuide_AoE/VFXGuide_AoE/Content/GabrielAguiarProd/Maps/VFXGuide_AoE.umap" TEMPLATE=0 SHOWPROGRESS=1 FEATURELEVEL=3
[2020.10.22-16.11.09:027][  0]LightingResults: New page: Lighting Build
[2020.10.22-16.11.09:028][  0]LogWorld: UWorld::CleanupWorld for Untitled, bSessionEnded=true, bCleanupResources=true
[2020.10.22-16.11.09:028][  0]LogSlate: InvalidateAllWidgets triggered.  All widgets were invalidated
[2020.10.22-16.11.09:028][  0]MapCheck: New page: Map Check
[2020.10.22-16.11.09:028][  0]LightingResults: New page: Lighting Build
[2020.10.22-16.11.09:060][  0]LogUObjectHash: Compacting FUObjectHashTables data took   1.78ms
[2020.10.22-16.11.13:262][  0]LogNiagara: First LUT mismatch found on comparison - LUT[2] = 0.317869395  Other = 0.355729729 	0.037860334
[2020.10.22-16.11.13:262][  0]LogNiagara: PostLoad LUT generation is out of sync. Please investigate. /Game/GabrielAguiarProd/NiagaraSystems/NS_FireColumn_Aoe.NS_FireColumn_Aoe:02_NE_FireImpact02_15.NiagaraScriptSource_0.NiagaraGraph_0.NiagaraNodeInput_9.Scale Factor.Vector2Curve
[2020.10.22-16.11.14:599][  0]LogNiagaraEditor: Verbose: '/Game/GabrielAguiarProd/NiagaraSystems/NS_FireColumn_Aoe' Precompile took 1.207817 sec.
[2020.10.22-16.11.14:612][  0]LogAIModule: Creating AISystem for world VFXGuide_AoE
[2020.10.22-16.11.14:701][  0]LogEditorServer: Finished looking for orphan Actors (0.000 secs)
[2020.10.22-16.11.14:938][  0]LogUObjectHash: Compacting FUObjectHashTables data took   2.44ms
[2020.10.22-16.11.14:938][  0]Cmd: MAP CHECKDEP NOCLEARLOG
[2020.10.22-16.11.14:939][  0]MapCheck: Map check complete: 0 Error(s), 0 Warning(s), took 0.094ms to complete.
[2020.10.22-16.11.14:939][  0]LogFileHelpers: Loading map 'VFXGuide_AoE' took 5.934
[2020.10.22-16.11.15:352][  0]LogSlate: Updating window title bar state: overlay mode, drag disabled, window buttons hidden, title bar hidden
[2020.10.22-16.11.15:361][  0]LogSlate: Updating window title bar state: overlay mode, drag disabled, window buttons hidden, title bar hidden
[2020.10.22-16.11.15:368][  0]LogSlate: Updating window title bar state: overlay mode, drag disabled, window buttons hidden, title bar hidden
[2020.10.22-16.11.15:376][  0]LogSlate: Updating window title bar state: overlay mode, drag disabled, window buttons hidden, title bar hidden
[2020.10.22-16.11.15:494][  0]LogCollectionManager: Loaded 0 collections in 0.000981 seconds
[2020.10.22-16.11.15:513][  0]LogFileCache: Scanning file cache for directory 'E:/portfolio/VFXGuide_AoE/VFXGuide_AoE/Saved/Collections/' took 0.00s
[2020.10.22-16.11.15:513][  0]LogFileCache: Scanning file cache for directory 'E:/portfolio/VFXGuide_AoE/VFXGuide_AoE/Content/Developers/fresh/Collections/' took 0.00s
[2020.10.22-16.11.15:513][  0]LogFileCache: Scanning file cache for directory 'E:/portfolio/VFXGuide_AoE/VFXGuide_AoE/Content/Collections/' took 0.00s
[2020.10.22-16.11.15:513][  0]LogContentBrowser: Native class hierarchy populated in 0.0091 seconds. Added 3202 classes and 742 folders.
[2020.10.22-16.11.15:516][  0]LogContentBrowser: Native class hierarchy updated for 'WidgetCarousel' in 0.0002 seconds. Added 0 classes and 0 folders.
[2020.10.22-16.11.16:724][  0]LogContentBrowser: Native class hierarchy updated for 'AddContentDialog' in 0.0003 seconds. Added 0 classes and 0 folders.
[2020.10.22-16.11.16:815][  0]LogContentBrowser: Native class hierarchy updated for 'SceneOutliner' in 0.0003 seconds. Added 2 classes and 3 folders.
[2020.10.22-16.11.17:256][  0]LogSlate: Took 0.049566 seconds to synchronously load lazily loaded font '../../../Engine/Content/Slate/Fonts/Roboto-Regular.ttf' (155K)
[2020.10.22-16.11.17:292][  0]LogSlate: Took 0.032438 seconds to synchronously load lazily loaded font '../../../Engine/Content/Slate/Fonts/Roboto-Bold.ttf' (160K)
[2020.10.22-16.11.17:302][  0]LogSlate: Took 0.007992 seconds to synchronously load lazily loaded font '../../../Engine/Content/Editor/Slate/Fonts/FontAwesome.ttf' (139K)
[2020.10.22-16.11.17:737][  0]LogRenderer: Reallocating scene render targets to support 1676x852 Format 10 NumSamples 1 (Frame:1).
[2020.10.22-16.11.18:038][  0]LogContentBrowser: Native class hierarchy updated for 'HierarchicalLODOutliner' in 0.0003 seconds. Added 0 classes and 0 folders.
[2020.10.22-16.11.18:038][  0]LogLoad: (Engine Initialization) Total time: 91.05 seconds
[2020.10.22-16.11.18:038][  0]LogLoad: (Engine Initialization) Total Blueprint compile time: 0.00 seconds
[2020.10.22-16.11.18:234][  0]LogContentStreaming: Texture pool size now 1000 MB
[2020.10.22-16.11.18:296][  0]LogSlate: Took 0.013451 seconds to synchronously load lazily loaded font '../../../Engine/Content/Slate/Fonts/Roboto-Light.ttf' (167K)
[2020.10.22-16.11.18:451][  1]LogFileCache: Retrieving MD5 hashes for directory 'E:/portfolio/VFXGuide_AoE/VFXGuide_AoE/Content/' took 0.30s
[2020.10.22-16.11.19:965][ 21]LogAssetRegistry: Asset discovery search completed in 63.3111 seconds
[2020.10.22-16.11.19:969][ 21]LogCollectionManager: Fixed up redirectors for 0 collections in 0.000032 seconds (updated 0 objects)
[2020.10.22-16.20.52:438][731]LogUObjectHash: Compacting FUObjectHashTables data took   0.91ms
[2020.10.22-16.20.52:581][731]LogSlate: Window 'VFXGuide_AoE - Unreal Editor' being destroyed
[2020.10.22-16.20.52:838][732]Cmd: QUIT_EDITOR
[2020.10.22-16.20.52:838][732]LogCore: Engine exit requested (reason: UUnrealEdEngine::CloseEditor())
[2020.10.22-16.20.52:862][732]LogCore: Engine exit requested (reason: EngineExit() was called; note: exit was already requested)
[2020.10.22-16.20.52:878][732]LogAudioMixer: Display: No commands were queued while flushing the source manager.
[2020.10.22-16.20.52:901][732]LogExit: Preparing to exit.
[2020.10.22-16.20.53:878][732]LogWorld: UWorld::CleanupWorld for World_0, bSessionEnded=true, bCleanupResources=true
[2020.10.22-16.20.53:921][732]LogDemo: Cleaned up 0 splitscreen connections with owner deletion
[2020.10.22-16.20.53:986][732]LogWorld: UWorld::CleanupWorld for None, bSessionEnded=true, bCleanupResources=true
[2020.10.22-16.20.53:986][732]LogExit: Editor shut down
[2020.10.22-16.20.53:986][732]LogExit: Transaction tracking system shut down
[2020.10.22-16.20.54:195][732]LogExit: Object subsystem successfully closed.
[2020.10.22-16.20.54:259][732]LogShaderCompilers: Display: Shaders left to compile 0
[2020.10.22-16.20.54:274][732]LogModuleManager: Shutting down and abandoning module HierarchicalLODOutliner (714)
[2020.10.22-16.20.54:274][732]LogModuleManager: Shutting down and abandoning module SceneOutliner (712)
[2020.10.22-16.20.54:274][732]LogModuleManager: Shutting down and abandoning module AddContentDialog (710)
[2020.10.22-16.20.54:275][732]LogModuleManager: Shutting down and abandoning module WidgetCarousel (709)
[2020.10.22-16.20.54:275][732]LogModuleManager: Shutting down and abandoning module EditorWidgets (706)
[2020.10.22-16.20.54:275][732]LogModuleManager: Shutting down and abandoning module CollectionManager (704)
[2020.10.22-16.20.54:275][732]LogModuleManager: Shutting down and abandoning module StatsViewer (702)
[2020.10.22-16.20.54:275][732]LogModuleManager: Shutting down and abandoning module VirtualTexturingEditor (700)
[2020.10.22-16.20.54:275][732]LogModuleManager: Shutting down and abandoning module FoliageEdit (698)
[2020.10.22-16.20.54:275][732]LogModuleManager: Shutting down and abandoning module LandscapeEditor (696)
[2020.10.22-16.20.54:294][732]LogModuleManager: Shutting down and abandoning module MeshPaintMode (694)
[2020.10.22-16.20.54:294][732]LogModuleManager: Shutting down and abandoning module SceneDepthPickerMode (692)
[2020.10.22-16.20.54:294][732]LogModuleManager: Shutting down and abandoning module ActorPickerMode (690)
[2020.10.22-16.20.54:294][732]LogModuleManager: Shutting down and abandoning module GeometryMode (688)
[2020.10.22-16.20.54:294][732]LogModuleManager: Shutting down and abandoning module TextureAlignMode (686)
[2020.10.22-16.20.54:294][732]LogModuleManager: Shutting down and abandoning module BspMode (684)
[2020.10.22-16.20.54:294][732]LogModuleManager: Shutting down and abandoning module PIEPreviewDeviceProfileSelector (682)
[2020.10.22-16.20.54:294][732]LogModuleManager: Shutting down and abandoning module SequenceRecorderSections (680)
[2020.10.22-16.20.54:294][732]LogModuleManager: Shutting down and abandoning module AutomationWorker (678)
[2020.10.22-16.20.54:294][732]LogModuleManager: Shutting down and abandoning module SteamVREditor (676)
[2020.10.22-16.20.54:294][732]LogModuleManager: Shutting down and abandoning module OculusMR (674)
[2020.10.22-16.20.54:294][732]LogModuleManager: Shutting down and abandoning module HoudiniEngineEditor (672)
[2020.10.22-16.20.54:294][732]LogHoudiniEngineEditor: Shutting down the Houdini Engine Editor module.
[2020.10.22-16.20.54:294][732]LogHoudiniEngineEditor: Houdini Engine Editor module shutdown complete.
[2020.10.22-16.20.54:294][732]LogModuleManager: Shutting down and abandoning module AudioCaptureEditor (670)
[2020.10.22-16.20.54:294][732]LogModuleManager: Shutting down and abandoning module MatineeToLevelSequence (668)
[2020.10.22-16.20.54:294][732]LogModuleManager: Shutting down and abandoning module LevelSequenceEditor (666)
[2020.10.22-16.20.54:294][732]LogModuleManager: Shutting down and abandoning module PlacementMode (665)
[2020.10.22-16.20.54:294][732]LogModuleManager: Shutting down and abandoning module MaterialEditor (664)
[2020.10.22-16.20.54:296][732]LogModuleManager: Shutting down and abandoning module ActorSequenceEditor (660)
[2020.10.22-16.20.54:296][732]LogModuleManager: Shutting down and abandoning module WmfMediaFactory (658)
[2020.10.22-16.20.54:296][732]LogModuleManager: Shutting down and abandoning module WmfMediaEditor (656)
[2020.10.22-16.20.54:296][732]LogModuleManager: Shutting down and abandoning module WebMMediaFactory (654)
[2020.10.22-16.20.54:296][732]LogModuleManager: Shutting down and abandoning module WebMMediaEditor (652)
[2020.10.22-16.20.54:296][732]LogModuleManager: Shutting down and abandoning module WebMMedia (650)
[2020.10.22-16.20.54:296][732]LogModuleManager: Shutting down and abandoning module MediaPlayerEditor (648)
[2020.10.22-16.20.54:297][732]LogModuleManager: Shutting down and abandoning module MediaCompositingEditor (646)
[2020.10.22-16.20.54:297][732]LogModuleManager: Shutting down and abandoning module SequenceRecorder (645)
[2020.10.22-16.20.54:297][732]LogModuleManager: Shutting down and abandoning module OpenExrWrapper (642)
[2020.10.22-16.20.54:297][732]LogModuleManager: Shutting down and abandoning module ImgMediaFactory (640)
[2020.10.22-16.20.54:297][732]LogModuleManager: Shutting down and abandoning module ImgMediaEditor (638)
[2020.10.22-16.20.54:297][732]LogModuleManager: Shutting down and abandoning module AvfMediaFactory (636)
[2020.10.22-16.20.54:297][732]LogModuleManager: Shutting down and abandoning module AvfMediaEditor (634)
[2020.10.22-16.20.54:297][732]LogModuleManager: Shutting down and abandoning module AndroidMediaFactory (632)
[2020.10.22-16.20.54:297][732]LogModuleManager: Shutting down and abandoning module AndroidMediaEditor (630)
[2020.10.22-16.20.54:297][732]LogModuleManager: Shutting down and abandoning module MagicLeapMediaCodecFactory (628)
[2020.10.22-16.20.54:297][732]LogModuleManager: Shutting down and abandoning module MagicLeapMediaFactory (626)
[2020.10.22-16.20.54:297][732]LogModuleManager: Shutting down and abandoning module MagicLeapMediaEditor (624)
[2020.10.22-16.20.54:297][732]LogModuleManager: Shutting down and abandoning module CharacterAI (622)
[2020.10.22-16.20.54:297][732]LogModuleManager: Shutting down and abandoning module SmartSnapping (620)
[2020.10.22-16.20.54:297][732]LogModuleManager: Shutting down and abandoning module SessionServices (618)
[2020.10.22-16.20.54:297][732]LogModuleManager: Shutting down and abandoning module MeshPaint (616)
[2020.10.22-16.20.54:297][732]LogModuleManager: Shutting down and abandoning module ViewportSnapping (614)
[2020.10.22-16.20.54:297][732]LogModuleManager: Shutting down and abandoning module ViewportInteraction (612)
[2020.10.22-16.20.54:297][732]LogModuleManager: Shutting down and abandoning module ClothPainter (610)
[2020.10.22-16.20.54:297][732]LogModuleManager: Shutting down and abandoning module SkeletalMeshEditor (609)
[2020.10.22-16.20.54:297][732]LogModuleManager: Shutting down and abandoning module LogVisualizer (606)
[2020.10.22-16.20.54:297][732]LogModuleManager: Shutting down and abandoning module IntroTutorials (604)
[2020.10.22-16.20.54:297][732]LogModuleManager: Shutting down and abandoning module GameProjectGeneration (603)
[2020.10.22-16.20.54:297][732]LogModuleManager: Shutting down and abandoning module LuminPlatformEditor (600)
[2020.10.22-16.20.54:297][732]LogModuleManager: Shutting down and abandoning module IOSPlatformEditor (598)
[2020.10.22-16.20.54:297][732]LogModuleManager: Shutting down and abandoning module AndroidPlatformEditor (596)
[2020.10.22-16.20.54:297][732]LogModuleManager: Shutting down and abandoning module AndroidDeviceDetection (595)
[2020.10.22-16.20.54:495][732]LogModuleManager: Shutting down and abandoning module WindowsPlatformEditor (592)
[2020.10.22-16.20.54:495][732]LogModuleManager: Shutting down and abandoning module LuminRuntimeSettings (590)
[2020.10.22-16.20.54:495][732]LogModuleManager: Shutting down and abandoning module IOSRuntimeSettings (588)
[2020.10.22-16.20.54:495][732]LogModuleManager: Shutting down and abandoning module AndroidRuntimeSettings (586)
[2020.10.22-16.20.54:495][732]LogModuleManager: Shutting down and abandoning module EditorInteractiveToolsFramework (584)
[2020.10.22-16.20.54:495][732]LogModuleManager: Shutting down and abandoning module TimeManagementEditor (582)
[2020.10.22-16.20.54:495][732]LogModuleManager: Shutting down and abandoning module InputBindingEditor (580)
[2020.10.22-16.20.54:495][732]LogModuleManager: Shutting down and abandoning module MergeActors (578)
[2020.10.22-16.20.54:495][732]LogModuleManager: Shutting down and abandoning module LocalizationDashboard (576)
[2020.10.22-16.20.54:495][732]LogModuleManager: Shutting down and abandoning module LocalizationService (575)
[2020.10.22-16.20.54:495][732]LogModuleManager: Shutting down and abandoning module HardwareTargeting (572)
[2020.10.22-16.20.54:495][732]LogModuleManager: Shutting down and abandoning module DeviceProfileEditor (570)
[2020.10.22-16.20.54:495][732]LogModuleManager: Shutting down and abandoning module UndoHistory (568)
[2020.10.22-16.20.54:495][732]LogModuleManager: Shutting down and abandoning module XmlParser (566)
[2020.10.22-16.20.54:495][732]LogModuleManager: Shutting down and abandoning module Blutility (564)
[2020.10.22-16.20.54:495][732]LogModuleManager: Shutting down and abandoning module ProjectSettingsViewer (562)
[2020.10.22-16.20.54:495][732]LogModuleManager: Shutting down and abandoning module ProjectTargetPlatformEditor (561)
[2020.10.22-16.20.54:495][732]LogModuleManager: Shutting down and abandoning module EditorSettingsViewer (558)
[2020.10.22-16.20.54:495][732]LogModuleManager: Shutting down and abandoning module SettingsEditor (556)
[2020.10.22-16.20.54:495][732]LogModuleManager: Shutting down and abandoning module ProjectLauncher (554)
[2020.10.22-16.20.54:495][732]LogModuleManager: Shutting down and abandoning module SessionFrontend (552)
[2020.10.22-16.20.54:495][732]LogModuleManager: Shutting down and abandoning module ProfilerClient (550)
[2020.10.22-16.20.54:495][732]LogModuleManager: Shutting down and abandoning module DeviceManager (548)
[2020.10.22-16.20.54:495][732]LogModuleManager: Shutting down and abandoning module TargetDeviceServices (547)
[2020.10.22-16.20.54:528][732]LogModuleManager: Shutting down and abandoning module AutomationController (544)
[2020.10.22-16.20.54:528][732]LogModuleManager: Shutting down and abandoning module AutomationWindow (542)
[2020.10.22-16.20.54:528][732]LogModuleManager: Shutting down and abandoning module Layers (540)
[2020.10.22-16.20.54:528][732]LogModuleManager: Shutting down and abandoning module ComponentVisualizers (538)
[2020.10.22-16.20.54:528][732]LogModuleManager: Shutting down and abandoning module DetailCustomizations (536)
[2020.10.22-16.20.54:528][732]LogModuleManager: Shutting down and abandoning module PackagesDialog (534)
[2020.10.22-16.20.54:528][732]LogModuleManager: Shutting down and abandoning module AnimationBlueprintEditor (532)
[2020.10.22-16.20.54:528][732]LogModuleManager: Shutting down and abandoning module Persona (530)
[2020.10.22-16.20.54:539][732]LogModuleManager: Shutting down and abandoning module AdvancedPreviewScene (529)
[2020.10.22-16.20.54:540][732]LogModuleManager: Shutting down and abandoning module AnimGraph (527)
[2020.10.22-16.20.54:540][732]LogModuleManager: Shutting down and abandoning module Kismet (524)
[2020.10.22-16.20.54:547][732]LogModuleManager: Shutting down and abandoning module KismetWidgets (523)
[2020.10.22-16.20.54:547][732]LogModuleManager: Shutting down and abandoning module GraphEditor (520)
[2020.10.22-16.20.54:564][732]LogModuleManager: Shutting down and abandoning module StructViewer (518)
[2020.10.22-16.20.54:564][732]LogModuleManager: Shutting down and abandoning module ClassViewer (516)
[2020.10.22-16.20.54:564][732]LogModuleManager: Shutting down and abandoning module Toolbox (514)
[2020.10.22-16.20.54:564][732]LogModuleManager: Shutting down and abandoning module ModuleUI (512)
[2020.10.22-16.20.54:564][732]LogModuleManager: Shutting down and abandoning module OutputLog (510)
[2020.10.22-16.20.54:564][732]LogModuleManager: Shutting down and abandoning module GammaUI (508)
[2020.10.22-16.20.54:564][732]LogModuleManager: Shutting down and abandoning module Documentation (506)
[2020.10.22-16.20.54:564][732]LogModuleManager: Shutting down and abandoning module ToolMenus (504)
[2020.10.22-16.20.54:564][732]LogModuleManager: Shutting down and abandoning module LiveCoding (502)
[2020.10.22-16.20.54:564][732]LogModuleManager: Shutting down and abandoning module LevelSequence (500)
[2020.10.22-16.20.54:564][732]LogModuleManager: Shutting down and abandoning module MovieSceneTracks (498)
[2020.10.22-16.20.54:564][732]LogModuleManager: Shutting down and abandoning module MovieScene (496)
[2020.10.22-16.20.54:565][732]LogModuleManager: Shutting down and abandoning module StreamingPauseRendering (494)
[2020.10.22-16.20.54:565][732]LogModuleManager: Shutting down and abandoning module LauncherPlatform (492)
[2020.10.22-16.20.54:565][732]LogModuleManager: Shutting down and abandoning module AnalyticsET (490)
[2020.10.22-16.20.54:565][732]LogModuleManager: Shutting down and abandoning module PortalServices (488)
[2020.10.22-16.20.54:565][732]LogModuleManager: Shutting down and abandoning module PortalRpc (486)
[2020.10.22-16.20.54:565][732]LogModuleManager: Shutting down and abandoning module MessagingRpc (484)
[2020.10.22-16.20.54:565][732]LogModuleManager: Shutting down and abandoning module AudioMixerXAudio2 (482)
[2020.10.22-16.20.54:565][732]LogModuleManager: Shutting down and abandoning module AIModule (480)
[2020.10.22-16.20.54:565][732]LogModuleManager: Shutting down and abandoning module GameplayDebugger (479)
[2020.10.22-16.20.54:565][732]LogModuleManager: Shutting down and abandoning module AITestSuite (477)
[2020.10.22-16.20.54:565][732]LogModuleManager: Shutting down and abandoning module NavigationSystem (475)
[2020.10.22-16.20.54:565][732]LogModuleManager: Shutting down and abandoning module ImageWriteQueue (472)
[2020.10.22-16.20.54:568][732]LogModuleManager: Shutting down and abandoning module ProfilerService (470)
[2020.10.22-16.20.54:733][732]LogModuleManager: Shutting down and abandoning module TaskGraph (468)
[2020.10.22-16.20.54:733][732]LogModuleManager: Shutting down and abandoning module ScreenshotTools (466)
[2020.10.22-16.20.54:733][732]LogModuleManager: Shutting down and abandoning module ProceduralMeshComponentEditor (464)
[2020.10.22-16.20.54:733][732]LogModuleManager: Shutting down and abandoning module ProceduralMeshComponent (462)
[2020.10.22-16.20.54:733][732]LogModuleManager: Shutting down and abandoning module OculusEditor (460)
[2020.10.22-16.20.54:733][732]LogModuleManager: Shutting down and abandoning module OculusInput (458)
[2020.10.22-16.20.54:733][732]LogModuleManager: Shutting down and abandoning module MobilePatchingUtils (456)
[2020.10.22-16.20.54:733][732]LogModuleManager: Shutting down and abandoning module HoudiniEngineRuntime (454)
[2020.10.22-16.20.54:733][732]LogHoudiniEngine: Shutting down the Houdini Engine module.
[2020.10.22-16.20.54:800][732]LogModuleManager: Shutting down and abandoning module EditableMesh (452)
[2020.10.22-16.20.54:800][732]LogModuleManager: Shutting down and abandoning module CustomMeshComponent (450)
[2020.10.22-16.20.54:800][732]LogModuleManager: Shutting down and abandoning module CableComponent (448)
[2020.10.22-16.20.54:800][732]LogModuleManager: Shutting down and abandoning module AudioCapture (446)
[2020.10.22-16.20.54:800][732]LogModuleManager: Shutting down and abandoning module AudioCaptureRtAudio (445)
[2020.10.22-16.20.54:800][732]LogModuleManager: Shutting down and abandoning module AssetTags (442)
[2020.10.22-16.20.54:800][732]LogModuleManager: Shutting down and abandoning module ArchVisCharacter (440)
[2020.10.22-16.20.54:800][732]LogModuleManager: Shutting down and abandoning module AppleImageUtilsBlueprintSupport (438)
[2020.10.22-16.20.54:800][732]LogModuleManager: Shutting down and abandoning module AppleImageUtils (436)
[2020.10.22-16.20.54:800][732]LogModuleManager: Shutting down and abandoning module AndroidPermission (434)
[2020.10.22-16.20.54:800][732]LogModuleManager: Shutting down and abandoning module NUTUnrealEngine4 (432)
[2020.10.22-16.20.54:800][732]LogModuleManager: Shutting down and abandoning module NetcodeUnitTest (430)
[2020.10.22-16.20.54:800][732]LogModuleManager: Shutting down and abandoning module MediaCompositing (428)
[2020.10.22-16.20.54:800][732]LogModuleManager: Shutting down and abandoning module ImgMedia (426)
[2020.10.22-16.20.54:800][732]LogModuleManager: Shutting down and abandoning module MagicLeapHelperVulkan (424)
[2020.10.22-16.20.54:800][732]LogModuleManager: Shutting down and abandoning module MagicLeapHelperOpenGL (422)
[2020.10.22-16.20.54:800][732]LogModuleManager: Shutting down and abandoning module MagicLeapAudio (420)
[2020.10.22-16.20.54:800][732]LogModuleManager: Shutting down and abandoning module NiagaraEditorWidgets (418)
[2020.10.22-16.20.54:800][732]LogModuleManager: Shutting down and abandoning module GeometryCacheTracks (416)
[2020.10.22-16.20.54:800][732]LogModuleManager: Shutting down and abandoning module GeometryCacheSequencer (414)
[2020.10.22-16.20.54:800][732]LogModuleManager: Shutting down and abandoning module BackChannel (412)
[2020.10.22-16.20.54:800][732]LogModuleManager: Shutting down and abandoning module AutomationUtilsEditor (410)
[2020.10.22-16.20.54:800][732]LogModuleManager: Shutting down and abandoning module AutomationUtils (408)
[2020.10.22-16.20.54:800][732]LogModuleManager: Shutting down and abandoning module AlembicImporter (406)
[2020.10.22-16.20.54:800][732]LogModuleManager: Shutting down and abandoning module AlembicLibrary (405)
[2020.10.22-16.20.54:800][732]LogModuleManager: Shutting down and abandoning module GeometryCache (404)
[2020.10.22-16.20.54:800][732]LogModuleManager: Shutting down and abandoning module GeometryCacheEd (403)
[2020.10.22-16.20.54:800][732]LogModuleManager: Shutting down and abandoning module VariantManagerContentEditor (398)
[2020.10.22-16.20.54:800][732]LogModuleManager: Shutting down and abandoning module DatasmithContentEditor (396)
[2020.10.22-16.20.54:800][732]LogModuleManager: Shutting down and abandoning module SpeedTreeImporter (394)
[2020.10.22-16.20.54:800][732]LogModuleManager: Shutting down and abandoning module PluginBrowser (392)
[2020.10.22-16.20.54:800][732]LogModuleManager: Shutting down and abandoning module MobileLauncherProfileWizard (390)
[2020.10.22-16.20.54:800][732]LogModuleManager: Shutting down and abandoning module MaterialAnalyzer (388)
[2020.10.22-16.20.54:800][732]LogModuleManager: Shutting down and abandoning module CurveEditorTools (386)
[2020.10.22-16.20.54:800][732]LogModuleManager: Shutting down and abandoning module CryptoKeysOpenSSL (384)
[2020.10.22-16.20.54:800][732]LogModuleManager: Shutting down and abandoning module CryptoKeys (382)
[2020.10.22-16.20.54:800][732]LogModuleManager: Shutting down and abandoning module VisualStudioSourceCodeAccess (380)
[2020.10.22-16.20.54:800][732]LogModuleManager: Shutting down and abandoning module VisualStudioCodeSourceCodeAccess (378)
[2020.10.22-16.20.54:800][732]LogModuleManager: Shutting down and abandoning module UObjectPlugin (376)
[2020.10.22-16.20.54:800][732]LogModuleManager: Shutting down and abandoning module SubversionSourceControl (374)
[2020.10.22-16.20.54:800][732]LogModuleManager: Shutting down and abandoning module PlasticSourceControl (372)
[2020.10.22-16.20.54:800][732]LogModuleManager: Shutting down and abandoning module PerforceSourceControl (370)
[2020.10.22-16.20.54:800][732]LogModuleManager: Shutting down and abandoning module GitSourceControl (368)
[2020.10.22-16.20.54:801][732]LogModuleManager: Shutting down and abandoning module SourceControl (367)
[2020.10.22-16.20.54:801][732]LogModuleManager: Shutting down and abandoning module CLionSourceCodeAccess (364)
[2020.10.22-16.20.54:801][732]LogModuleManager: Shutting down and abandoning module AnimationSharingEd (362)
[2020.10.22-16.20.54:801][732]LogModuleManager: Shutting down and abandoning module ActorLayerUtilitiesEditor (360)
[2020.10.22-16.20.54:801][732]LogModuleManager: Shutting down and abandoning module ActorLayerUtilities (358)
[2020.10.22-16.20.54:801][732]LogModuleManager: Shutting down and abandoning module LightPropagationVolumeEditor (356)
[2020.10.22-16.20.54:801][732]LogModuleManager: Shutting down and abandoning module PaperTiledImporter (354)
[2020.10.22-16.20.54:801][732]LogModuleManager: Shutting down and abandoning module PaperSpriteSheetImporter (352)
[2020.10.22-16.20.54:801][732]LogModuleManager: Shutting down and abandoning module Paper2DEditor (350)
[2020.10.22-16.20.54:801][732]LogModuleManager: Shutting down and abandoning module SignificanceManager (348)
[2020.10.22-16.20.54:801][732]LogModuleManager: Shutting down and abandoning module RuntimePhysXCooking (346)
[2020.10.22-16.20.54:801][732]LogModuleManager: Shutting down and abandoning module PhysXVehiclesEditor (344)
[2020.10.22-16.20.54:801][732]LogModuleManager: Shutting down and abandoning module LocationServicesBPLibrary (340)
[2020.10.22-16.20.54:801][732]LogModuleManager: Shutting down and abandoning module ActorSequence (338)
[2020.10.22-16.20.54:801][732]LogModuleManager: Shutting down and abandoning module UdpMessaging (336)
[2020.10.22-16.20.54:902][732]LogModuleManager: Shutting down and abandoning module TcpMessaging (334)
[2020.10.22-16.20.55:002][732]LogModuleManager: Shutting down and abandoning module MagicLeapPrivileges (332)
[2020.10.22-16.20.55:002][732]LogModuleManager: Shutting down and abandoning module MagicLeapPlanes (330)
[2020.10.22-16.20.55:002][732]LogMagicLeapPlanes: Planes tracker already destroyed.
[2020.10.22-16.20.55:002][732]LogModuleManager: Shutting down and abandoning module MagicLeapIdentity (328)
[2020.10.22-16.20.55:002][732]LogModuleManager: Shutting down and abandoning module MagicLeapSecureStorage (326)
[2020.10.22-16.20.55:002][732]LogModuleManager: Shutting down and abandoning module MagicLeapImageTracker (324)
[2020.10.22-16.20.55:002][732]LogModuleManager: Shutting down and abandoning module MagicLeapHandTracking (322)
[2020.10.22-16.20.55:002][732]LogModuleManager: Shutting down and abandoning module MagicLeapHandMeshing (320)
[2020.10.22-16.20.55:002][732]LogModuleManager: Shutting down and abandoning module MagicLeapEyeTracker (318)
[2020.10.22-16.20.55:002][732]LogModuleManager: Shutting down and abandoning module MagicLeapController (316)
[2020.10.22-16.20.55:002][732]LogSlate: Slate User Destroyed.  User Index 0, Is Virtual User: 0
[2020.10.22-16.20.55:002][732]LogModuleManager: Shutting down and abandoning module MagicLeapARPin (314)
[2020.10.22-16.20.55:002][732]LogModuleManager: Shutting down and abandoning module MagicLeapAR (312)
[2020.10.22-16.20.55:002][732]LogModuleManager: Shutting down and abandoning module AugmentedReality (311)
[2020.10.22-16.20.55:002][732]LogModuleManager: Shutting down and abandoning module NiagaraAnimNotifies (308)
[2020.10.22-16.20.55:002][732]LogModuleManager: Shutting down and abandoning module Niagara (306)
[2020.10.22-16.20.55:002][732]LogModuleManager: Shutting down and abandoning module NiagaraEditor (305)
[2020.10.22-16.20.55:002][732]LogModuleManager: Shutting down and abandoning module NiagaraCore (302)
[2020.10.22-16.20.55:002][732]LogModuleManager: Shutting down and abandoning module GameplayTagsEditor (300)
[2020.10.22-16.20.55:002][732]LogModuleManager: Shutting down and abandoning module FacialAnimationEditor (298)
[2020.10.22-16.20.55:002][732]LogModuleManager: Shutting down and abandoning module FacialAnimation (296)
[2020.10.22-16.20.55:002][732]LogModuleManager: Shutting down and abandoning module DataValidation (294)
[2020.10.22-16.20.55:002][732]LogModuleManager: Shutting down and abandoning module AssetManagerEditor (292)
[2020.10.22-16.20.55:002][732]LogModuleManager: Shutting down and abandoning module LevelEditor (291)
[2020.10.22-16.20.55:003][732]LogModuleManager: Shutting down and abandoning module PixelInspectorModule (290)
[2020.10.22-16.20.55:003][732]LogModuleManager: Shutting down and abandoning module CommonMenuExtensions (288)
[2020.10.22-16.20.55:003][732]LogModuleManager: Shutting down and abandoning module MainFrame (286)
[2020.10.22-16.20.55:003][732]LogModuleManager: Shutting down and abandoning module HotReload (285)
[2020.10.22-16.20.55:004][732]LogModuleManager: Shutting down and abandoning module ContentBrowser (281)
[2020.10.22-16.20.55:005][732]LogModuleManager: Shutting down and abandoning module TreeMap (279)
[2020.10.22-16.20.55:005][732]LogModuleManager: Shutting down and abandoning module AnimationSharing (276)
[2020.10.22-16.20.55:005][732]LogModuleManager: Shutting down and abandoning module LightPropagationVolumeRuntime (274)
[2020.10.22-16.20.55:005][732]LogModuleManager: Shutting down and abandoning module Paper2D (272)
[2020.10.22-16.20.55:005][732]LogModuleManager: Shutting down and abandoning module WindowsMoviePlayer (270)
[2020.10.22-16.20.55:006][732]LogModuleManager: Shutting down and abandoning module WebMMoviePlayer (268)
[2020.10.22-16.20.55:006][732]LogModuleManager: Shutting down and abandoning module NetworkReplayStreaming (266)
[2020.10.22-16.20.55:006][732]LogModuleManager: Shutting down and abandoning module PacketHandler (264)
[2020.10.22-16.20.55:006][732]LogModuleManager: Shutting down and abandoning module ClothingSystemEditor (262)
[2020.10.22-16.20.55:006][732]LogModuleManager: Shutting down and abandoning module ClothingSystemRuntimeNv (260)
[2020.10.22-16.20.55:006][732]LogModuleManager: Shutting down and abandoning module MediaAssets (258)
[2020.10.22-16.20.55:006][732]LogModuleManager: Shutting down and abandoning module Overlay (256)
[2020.10.22-16.20.55:006][732]LogModuleManager: Shutting down and abandoning module OverlayEditor (255)
[2020.10.22-16.20.55:006][732]LogModuleManager: Shutting down and abandoning module VREditor (252)
[2020.10.22-16.20.55:006][732]LogModuleManager: Shutting down and abandoning module StringTableEditor (250)
[2020.10.22-16.20.55:006][732]LogModuleManager: Shutting down and abandoning module GameplayTasksEditor (248)
[2020.10.22-16.20.55:006][732]LogModuleManager: Shutting down and abandoning module BehaviorTreeEditor (246)
[2020.10.22-16.20.55:006][732]LogModuleManager: Shutting down and abandoning module FunctionalTesting (244)
[2020.10.22-16.20.55:006][732]LogModuleManager: Shutting down and abandoning module CollisionAnalyzer (242)
[2020.10.22-16.20.55:006][732]LogModuleManager: Shutting down and abandoning module WorkspaceMenuStructure (241)
[2020.10.22-16.20.55:006][732]LogModuleManager: Shutting down and abandoning module UMG (238)
[2020.10.22-16.20.55:007][732]LogModuleManager: Shutting down and abandoning module UMGEditor (237)
[2020.10.22-16.20.55:007][732]LogModuleManager: Shutting down and abandoning module MessageLog (235)
[2020.10.22-16.20.55:007][732]LogModuleManager: Shutting down and abandoning module SlateReflector (230)
[2020.10.22-16.20.55:007][732]LogModuleManager: Shutting down and abandoning module Slate (228)
[2020.10.22-16.20.55:007][732]LogModuleManager: Shutting down and abandoning module SlateCore (226)
[2020.10.22-16.20.55:007][732]LogModuleManager: Shutting down and abandoning module LandscapeEditorUtilities (224)
[2020.10.22-16.20.55:007][732]LogModuleManager: Shutting down and abandoning module UnrealEd (222)
[2020.10.22-16.20.55:007][732]LogModuleManager: Shutting down and abandoning module MRMesh (220)
[2020.10.22-16.20.55:007][732]LogModuleManager: Shutting down and abandoning module SourceCodeAccess (218)
[2020.10.22-16.20.55:007][732]LogModuleManager: Shutting down and abandoning module HeadMountedDisplay (216)
[2020.10.22-16.20.55:007][732]LogModuleManager: Shutting down and abandoning module XAudio2 (214)
[2020.10.22-16.20.55:007][732]LogModuleManager: Shutting down and abandoning module Networking (212)
[2020.10.22-16.20.55:007][732]LogModuleManager: Shutting down and abandoning module Core (210)
[2020.10.22-16.20.55:007][732]LogModuleManager: Shutting down and abandoning module MovieSceneTools (208)
[2020.10.22-16.20.55:007][732]LogModuleManager: Shutting down and abandoning module CurveEditor (207)
[2020.10.22-16.20.55:007][732]LogModuleManager: Shutting down and abandoning module Sequencer (205)
[2020.10.22-16.20.55:040][732]LogModuleManager: Shutting down and abandoning module EditorStyle (204)
[2020.10.22-16.20.55:041][732]LogModuleManager: Shutting down and abandoning module KismetCompiler (200)
[2020.10.22-16.20.55:041][732]LogModuleManager: Shutting down and abandoning module MeshUtilities (198)
[2020.10.22-16.20.55:041][732]LogModuleManager: Shutting down and abandoning module MeshMergeUtilities (197)
[2020.10.22-16.20.55:041][732]LogModuleManager: Shutting down and abandoning module MeshReductionInterface (196)
[2020.10.22-16.20.55:041][732]LogModuleManager: Shutting down and abandoning module MeshBoneReduction (195)
[2020.10.22-16.20.55:041][732]LogModuleManager: Shutting down and abandoning module SkeletalMeshReduction (193)
[2020.10.22-16.20.55:041][732]LogModuleManager: Shutting down and abandoning module ProxyLODMeshReduction (191)
[2020.10.22-16.20.55:041][732]LogModuleManager: Shutting down and abandoning module QuadricMeshReduction (189)
[2020.10.22-16.20.55:041][732]LogModuleManager: Shutting down and abandoning module MaterialBaking (185)
[2020.10.22-16.20.55:041][732]LogModuleManager: Shutting down and abandoning module NullInstallBundleManager (180)
[2020.10.22-16.20.55:041][732]LogModuleManager: Shutting down and abandoning module DerivedDataCache (178)
[2020.10.22-16.20.55:041][732]LogDerivedDataCache: Shutdown
[2020.10.22-16.20.55:041][732]LogModuleManager: Shutting down and abandoning module XGEController (176)
[2020.10.22-16.20.55:041][732]LogModuleManager: Shutting down and abandoning module TargetPlatform (174)
[2020.10.22-16.20.55:041][732]LogModuleManager: Shutting down and abandoning module VulkanShaderFormat (173)
[2020.10.22-16.20.55:041][732]LogModuleManager: Shutting down and abandoning module ShaderFormatVectorVM (171)
[2020.10.22-16.20.55:041][732]LogModuleManager: Shutting down and abandoning module ShaderFormatOpenGL (169)
[2020.10.22-16.20.55:041][732]LogModuleManager: Shutting down and abandoning module ShaderFormatD3D (167)
[2020.10.22-16.20.55:041][732]LogModuleManager: Shutting down and abandoning module MetalShaderFormat (165)
[2020.10.22-16.20.55:041][732]LogModuleManager: Shutting down and abandoning module TextureFormatUncompressed (163)
[2020.10.22-16.20.55:041][732]LogModuleManager: Shutting down and abandoning module TextureFormatPVR (161)
[2020.10.22-16.20.55:041][732]LogModuleManager: Shutting down and abandoning module TextureFormatDXT (159)
[2020.10.22-16.20.55:041][732]LogModuleManager: Shutting down and abandoning module TextureFormatIntelISPCTexComp (157)
[2020.10.22-16.20.55:042][732]LogModuleManager: Shutting down and abandoning module TextureFormatASTC (155)
[2020.10.22-16.20.55:042][732]LogModuleManager: Shutting down and abandoning module ImageWrapper (154)
[2020.10.22-16.20.55:042][732]LogModuleManager: Shutting down and abandoning module TextureFormatAndroid (151)
[2020.10.22-16.20.55:042][732]LogModuleManager: Shutting down and abandoning module AudioFormatOpus (149)
[2020.10.22-16.20.55:042][732]LogModuleManager: Shutting down and abandoning module AudioFormatOgg (147)
[2020.10.22-16.20.55:042][732]LogModuleManager: Shutting down and abandoning module AudioFormatADPCM (145)
[2020.10.22-16.20.55:042][732]LogModuleManager: Shutting down and abandoning module WindowsServerTargetPlatform (143)
[2020.10.22-16.20.55:042][732]LogModuleManager: Shutting down and abandoning module WindowsClientTargetPlatform (141)
[2020.10.22-16.20.55:042][732]LogModuleManager: Shutting down and abandoning module WindowsTargetPlatform (139)
[2020.10.22-16.20.55:042][732]LogModuleManager: Shutting down and abandoning module WindowsNoEditorTargetPlatform (137)
[2020.10.22-16.20.55:042][732]LogModuleManager: Shutting down and abandoning module TVOSTargetPlatform (135)
[2020.10.22-16.20.55:042][732]LogModuleManager: Shutting down and abandoning module LuminTargetPlatform (133)
[2020.10.22-16.20.55:043][732]LogModuleManager: Shutting down and abandoning module LinuxAArch64ServerTargetPlatform (131)
[2020.10.22-16.20.55:043][732]LogModuleManager: Shutting down and abandoning module LinuxAArch64ClientTargetPlatform (129)
[2020.10.22-16.20.55:043][732]LogModuleManager: Shutting down and abandoning module LinuxAArch64NoEditorTargetPlatform (127)
[2020.10.22-16.20.55:043][732]LogModuleManager: Shutting down and abandoning module LinuxServerTargetPlatform (125)
[2020.10.22-16.20.55:043][732]LogModuleManager: Shutting down and abandoning module LinuxClientTargetPlatform (123)
[2020.10.22-16.20.55:043][732]LogModuleManager: Shutting down and abandoning module LinuxNoEditorTargetPlatform (121)
[2020.10.22-16.20.55:043][732]LogModuleManager: Shutting down and abandoning module Messaging (119)
[2020.10.22-16.20.55:043][732]LogModuleManager: Shutting down and abandoning module IOSTargetPlatform (117)
[2020.10.22-16.20.55:044][732]LogModuleManager: Shutting down and abandoning module AndroidTargetPlatform (115)
[2020.10.22-16.20.55:049][732]LogModuleManager: Shutting down and abandoning module AllDesktopTargetPlatform (113)
[2020.10.22-16.20.55:049][732]LogModuleManager: Shutting down and abandoning module InputCore (110)
[2020.10.22-16.20.55:049][732]LogModuleManager: Shutting down and abandoning module Settings (108)
[2020.10.22-16.20.55:049][732]LogModuleManager: Shutting down and abandoning module DirectoryWatcher (106)
[2020.10.22-16.20.55:049][732]LogModuleManager: Shutting down and abandoning module PhysXCooking (104)
[2020.10.22-16.20.55:049][732]LogModuleManager: Shutting down and abandoning module ChaosSolvers (102)
[2020.10.22-16.20.55:049][732]LogModuleManager: Shutting down and abandoning module FieldSystemEngine (101)
[2020.10.22-16.20.55:049][732]LogModuleManager: Shutting down and abandoning module Chaos (98)
[2020.10.22-16.20.55:049][732]LogModuleManager: Shutting down and abandoning module WindowsPlatformFeatures (96)
[2020.10.22-16.20.55:049][732]LogModuleManager: Shutting down and abandoning module GameplayMediaEncoder (95)
[2020.10.22-16.20.55:049][732]LogModuleManager: Shutting down and abandoning module SteamVRInputDevice (92)
[2020.10.22-16.20.55:049][732]LogModuleManager: Shutting down and abandoning module SteamVRInput (90)
[2020.10.22-16.20.55:049][732]LogModuleManager: Shutting down and abandoning module SteamVR (88)
[2020.10.22-16.20.55:049][732]LogHMD: Freeing OpenVRDLLHandle.
[2020.10.22-16.20.55:049][732]LogModuleManager: Shutting down and abandoning module OculusHMD (86)
[2020.10.22-16.20.55:049][732]LogModuleManager: Shutting down and abandoning module ExampleDeviceProfileSelector (84)
[2020.10.22-16.20.55:049][732]LogModuleManager: Shutting down and abandoning module LauncherChunkInstaller (82)
[2020.10.22-16.20.55:049][732]LogModuleManager: Shutting down and abandoning module OnlineBlueprintSupport (80)
[2020.10.22-16.20.55:049][732]LogModuleManager: Shutting down and abandoning module OnlineSubsystem (76)
[2020.10.22-16.20.55:050][732]LogModuleManager: Shutting down and abandoning module XMPP (71)
[2020.10.22-16.20.55:050][732]LogModuleManager: Shutting down and abandoning module WebSockets (70)
[2020.10.22-16.20.55:079][732]LogModuleManager: Shutting down and abandoning module HTTP (67)
[2020.10.22-16.20.55:079][732]LogHttp: Display: Http module shutting down, but needs to wait on 1 outstanding Http requests:
[2020.10.22-16.20.55:079][732]LogHttp: Display: 	verb=[POST] url=[https://datarouter.ol.epicgames.com/datarouter/api/v1/public/data?SessionID=%7B4750BCD5-4D21-EE3B-C367-A0B080675F52%7D&AppID=UEEditor.Rocket.Release&AppVersion=4.24.3-11590370%2B%2B%2BUE4%2BRelease-4.24&UserID=18c16c90412894ce70137c8343e63558%7C503dac575fff4dc9b7296fef5b4cc580%7C5d42cd0b-5b58-4df2-a67d-410d977e5ccb&AppEnvironment=datacollector-binary&UploadType=eteventstream] refs=[1] status=Processing
[2020.10.22-16.20.55:094][732]LogModuleManager: Shutting down and abandoning module SSL (66)
[2020.10.22-16.20.55:095][732]LogModuleManager: Shutting down and abandoning module WmfMedia (62)
[2020.10.22-16.20.55:096][732]LogModuleManager: Shutting down and abandoning module Media (61)
[2020.10.22-16.20.55:097][732]LogModuleManager: Shutting down and abandoning module MagicLeap (58)
[2020.10.22-16.20.55:097][732]LogModuleManager: Shutting down and abandoning module NiagaraVertexFactories (56)
[2020.10.22-16.20.55:097][732]LogModuleManager: Shutting down and abandoning module NiagaraShader (54)
[2020.10.22-16.20.55:097][732]LogModuleManager: Shutting down and abandoning module VariantManagerContent (52)
[2020.10.22-16.20.55:097][732]LogModuleManager: Shutting down and abandoning module DatasmithContent (50)
[2020.10.22-16.20.55:098][732]LogModuleManager: Shutting down and abandoning module AISupportModule (48)
[2020.10.22-16.20.55:098][732]LogModuleManager: Shutting down and abandoning module DesktopPlatform (46)
[2020.10.22-16.20.55:098][732]LogModuleManager: Shutting down and abandoning module PlatformCryptoOpenSSL (44)
[2020.10.22-16.20.55:098][732]LogModuleManager: Shutting down and abandoning module PlatformCryptoTypes (42)
[2020.10.22-16.20.55:098][732]LogModuleManager: Shutting down and abandoning module PlatformCrypto (40)
[2020.10.22-16.20.55:098][732]LogModuleManager: Shutting down and abandoning module AnimationModifiers (38)
[2020.10.22-16.20.55:098][732]LogModuleManager: Shutting down and abandoning module PropertyEditor (37)
[2020.10.22-16.20.55:098][732]LogModuleManager: Shutting down and abandoning module AudioEditor (34)
[2020.10.22-16.20.55:098][732]LogModuleManager: Shutting down and abandoning module TextureCompressor (32)
[2020.10.22-16.20.55:098][732]LogModuleManager: Shutting down and abandoning module RenderCore (30)
[2020.10.22-16.20.55:098][732]LogModuleManager: Shutting down and abandoning module Landscape (28)
[2020.10.22-16.20.55:098][732]LogModuleManager: Shutting down and abandoning module SlateRHIRenderer (26)
[2020.10.22-16.20.55:099][732]LogModuleManager: Shutting down and abandoning module OpenGLDrv (24)
[2020.10.22-16.20.55:099][732]LogModuleManager: Shutting down and abandoning module D3D11RHI (22)
[2020.10.22-16.20.55:099][732]LogModuleManager: Shutting down and abandoning module AnimGraphRuntime (20)
[2020.10.22-16.20.55:099][732]LogModuleManager: Shutting down and abandoning module Renderer (18)
[2020.10.22-16.20.55:100][732]LogModuleManager: Shutting down and abandoning module Engine (16)
[2020.10.22-16.20.55:100][732]LogModuleManager: Shutting down and abandoning module CoreUObject (14)
[2020.10.22-16.20.55:100][732]LogModuleManager: Shutting down and abandoning module NetworkFile (12)
[2020.10.22-16.20.55:100][732]LogModuleManager: Shutting down and abandoning module CookedIterativeFile (10)
[2020.10.22-16.20.55:100][732]LogModuleManager: Shutting down and abandoning module StreamingFile (8)
[2020.10.22-16.20.55:100][732]LogModuleManager: Shutting down and abandoning module SandboxFile (6)
[2020.10.22-16.20.55:100][732]LogModuleManager: Shutting down and abandoning module PakFile (4)
[2020.10.22-16.20.55:100][732]LogModuleManager: Shutting down and abandoning module RSA (3)
[2020.10.22-16.20.55:100][732]LogD3D11RHI: Shutdown
[2020.10.22-16.20.55:100][732]LogD3D11RHI: CleanupD3DDevice
[2020.10.22-16.20.55:109][732]LogExit: Exiting.
[2020.10.22-16.20.55:126][732]Log file closed, 10/22/20 17:20:55
